C51 COMPILER V9.60.7.0   OLED_DATA                                                         12/06/2024 10:38:26 PAGE 1   


C51 COMPILER V9.60.7.0, COMPILATION OF MODULE OLED_DATA
OBJECT MODULE PLACED IN .\Objects\oled_data.obj
COMPILER INVOKED BY: E:\Program Files\Keil_v5\Keil_arm\C51\BIN\C51.EXE oled_data.c LARGE OPTIMIZE(8,SPEED) BROWSE DEBUG 
                    -OBJECTEXTEND PRINT(.\Listings\oled_data.lst) OBJECT(.\Objects\oled_data.obj)

line level    source

   1          #include "OLED_Data.h"
   2          
   3          /**
   4            * Êï∞ÊçÆÂ≠òÂÇ®Ê†ºÂºèÔºö
   5            * Á∫µÂêë8ÁÇπÔºåÈ´ò‰ΩçÂú®‰∏ãÔºåÂÖà‰ªéÂ∑¶Âà∞Âè≥ÔºåÂÜç‰ªé‰∏äÂà∞‰∏ã
   6            * ÊØè‰∏Ä‰∏™BitÂØπÂ∫î‰∏Ä‰∏™ÂÉèÁ¥†ÁÇπ
   7            *
   8            *      B0 B0                  B0 B0
   9            *      B1 B1                  B1 B1
  10            *      B2 B2                  B2 B2
  11            *      B3 B3  ------------->  B3 B3 --
  12            *      B4 B4                  B4 B4  |
  13            *      B5 B5                  B5 B5  |
  14            *      B6 B6                  B6 B6  |
  15            *      B7 B7                  B7 B7  |
  16            *                                    |
  17            *  -----------------------------------
  18            *  |
  19            *  |   B0 B0                  B0 B0
  20            *  |   B1 B1                  B1 B1
  21            *  |   B2 B2                  B2 B2
  22            *  --> B3 B3  ------------->  B3 B3
  23            *      B4 B4                  B4 B4
  24            *      B5 B5                  B5 B5
  25            *      B6 B6                  B6 B6
  26            *      B7 B7                  B7 B7
  27            *
  28            */
  29          
  30          /*ASCIIÂ≠óÊ®°Êï∞ÊçÆ*********************/
  31          
  32          /*ÂÆΩ8ÂÉèÁ¥†ÔºåÈ´ò16ÂÉèÁ¥†*/
  33          const uint8_t code OLED_F8x16[][16] = {
  34              0x00, 0x00, 0x00, 0x00, 0x00, 0x00, 0x00, 0x00,
  35              0x00, 0x00, 0x00, 0x00, 0x00, 0x00, 0x00, 0x00, //   0
  36              0x00, 0x00, 0x00, 0xF8, 0x00, 0x00, 0x00, 0x00,
  37              0x00, 0x00, 0x00, 0x33, 0x30, 0x00, 0x00, 0x00, // ! 1
  38              0x00, 0x16, 0x0E, 0x00, 0x16, 0x0E, 0x00, 0x00,
  39              0x00, 0x00, 0x00, 0x00, 0x00, 0x00, 0x00, 0x00, // " 2
  40              0x40, 0xC0, 0x78, 0x40, 0xC0, 0x78, 0x40, 0x00,
  41              0x04, 0x3F, 0x04, 0x04, 0x3F, 0x04, 0x04, 0x00, // # 3
  42              0x00, 0x70, 0x88, 0xFC, 0x08, 0x30, 0x00, 0x00,
  43              0x00, 0x18, 0x20, 0xFF, 0x21, 0x1E, 0x00, 0x00, // $ 4
  44              0xF0, 0x08, 0xF0, 0x00, 0xE0, 0x18, 0x00, 0x00,
  45              0x00, 0x21, 0x1C, 0x03, 0x1E, 0x21, 0x1E, 0x00, // % 5
  46              0x00, 0xF0, 0x08, 0x88, 0x70, 0x00, 0x00, 0x00,
  47              0x1E, 0x21, 0x23, 0x24, 0x19, 0x27, 0x21, 0x10, // & 6
  48              0x00, 0x00, 0x00, 0x16, 0x0E, 0x00, 0x00, 0x00,
  49              0x00, 0x00, 0x00, 0x00, 0x00, 0x00, 0x00, 0x00, // ' 7
  50              0x00, 0x00, 0x00, 0xE0, 0x18, 0x04, 0x02, 0x00,
  51              0x00, 0x00, 0x00, 0x07, 0x18, 0x20, 0x40, 0x00, // ( 8
  52              0x00, 0x02, 0x04, 0x18, 0xE0, 0x00, 0x00, 0x00,
  53              0x00, 0x40, 0x20, 0x18, 0x07, 0x00, 0x00, 0x00, // ) 9
  54              0x40, 0x40, 0x80, 0xF0, 0x80, 0x40, 0x40, 0x00,
C51 COMPILER V9.60.7.0   OLED_DATA                                                         12/06/2024 10:38:26 PAGE 2   

  55              0x02, 0x02, 0x01, 0x0F, 0x01, 0x02, 0x02, 0x00, // * 10
  56              0x00, 0x00, 0x00, 0xF0, 0x00, 0x00, 0x00, 0x00,
  57              0x01, 0x01, 0x01, 0x1F, 0x01, 0x01, 0x01, 0x00, // + 11
  58              0x00, 0x00, 0x00, 0x00, 0x00, 0x00, 0x00, 0x00,
  59              0x00, 0xB0, 0x70, 0x00, 0x00, 0x00, 0x00, 0x00, // , 12
  60              0x00, 0x00, 0x00, 0x00, 0x00, 0x00, 0x00, 0x00,
  61              0x00, 0x01, 0x01, 0x01, 0x01, 0x01, 0x01, 0x01, // - 13
  62              0x00, 0x00, 0x00, 0x00, 0x00, 0x00, 0x00, 0x00,
  63              0x00, 0x30, 0x30, 0x00, 0x00, 0x00, 0x00, 0x00, // . 14
  64              0x00, 0x00, 0x00, 0x00, 0x80, 0x60, 0x18, 0x04,
  65              0x00, 0x60, 0x18, 0x06, 0x01, 0x00, 0x00, 0x00, // / 15
  66              0x00, 0xE0, 0x10, 0x08, 0x08, 0x10, 0xE0, 0x00,
  67              0x00, 0x0F, 0x10, 0x20, 0x20, 0x10, 0x0F, 0x00, // 0 16
  68              0x00, 0x10, 0x10, 0xF8, 0x00, 0x00, 0x00, 0x00,
  69              0x00, 0x20, 0x20, 0x3F, 0x20, 0x20, 0x00, 0x00, // 1 17
  70              0x00, 0x70, 0x08, 0x08, 0x08, 0x88, 0x70, 0x00,
  71              0x00, 0x30, 0x28, 0x24, 0x22, 0x21, 0x30, 0x00, // 2 18
  72              0x00, 0x30, 0x08, 0x88, 0x88, 0x48, 0x30, 0x00,
  73              0x00, 0x18, 0x20, 0x20, 0x20, 0x11, 0x0E, 0x00, // 3 19
  74              0x00, 0x00, 0xC0, 0x20, 0x10, 0xF8, 0x00, 0x00,
  75              0x00, 0x07, 0x04, 0x24, 0x24, 0x3F, 0x24, 0x00, // 4 20
  76              0x00, 0xF8, 0x08, 0x88, 0x88, 0x08, 0x08, 0x00,
  77              0x00, 0x19, 0x21, 0x20, 0x20, 0x11, 0x0E, 0x00, // 5 21
  78              0x00, 0xE0, 0x10, 0x88, 0x88, 0x18, 0x00, 0x00,
  79              0x00, 0x0F, 0x11, 0x20, 0x20, 0x11, 0x0E, 0x00, // 6 22
  80              0x00, 0x38, 0x08, 0x08, 0xC8, 0x38, 0x08, 0x00,
  81              0x00, 0x00, 0x00, 0x3F, 0x00, 0x00, 0x00, 0x00, // 7 23
  82              0x00, 0x70, 0x88, 0x08, 0x08, 0x88, 0x70, 0x00,
  83              0x00, 0x1C, 0x22, 0x21, 0x21, 0x22, 0x1C, 0x00, // 8 24
  84              0x00, 0xE0, 0x10, 0x08, 0x08, 0x10, 0xE0, 0x00,
  85              0x00, 0x00, 0x31, 0x22, 0x22, 0x11, 0x0F, 0x00, // 9 25
  86              0x00, 0x00, 0x00, 0xC0, 0xC0, 0x00, 0x00, 0x00,
  87              0x00, 0x00, 0x00, 0x30, 0x30, 0x00, 0x00, 0x00, // : 26
  88              0x00, 0x00, 0x00, 0xC0, 0xC0, 0x00, 0x00, 0x00,
  89              0x00, 0x00, 0x80, 0xB0, 0x70, 0x00, 0x00, 0x00, // ; 27
  90              0x00, 0x00, 0x80, 0x40, 0x20, 0x10, 0x08, 0x00,
  91              0x00, 0x01, 0x02, 0x04, 0x08, 0x10, 0x20, 0x00, // < 28
  92              0x40, 0x40, 0x40, 0x40, 0x40, 0x40, 0x40, 0x00,
  93              0x04, 0x04, 0x04, 0x04, 0x04, 0x04, 0x04, 0x00, // = 29
  94              0x00, 0x08, 0x10, 0x20, 0x40, 0x80, 0x00, 0x00,
  95              0x00, 0x20, 0x10, 0x08, 0x04, 0x02, 0x01, 0x00, // > 30
  96              0x00, 0x70, 0x48, 0x08, 0x08, 0x08, 0xF0, 0x00,
  97              0x00, 0x00, 0x00, 0x30, 0x36, 0x01, 0x00, 0x00, // ? 31
  98              0xC0, 0x30, 0xC8, 0x28, 0xE8, 0x10, 0xE0, 0x00,
  99              0x07, 0x18, 0x27, 0x24, 0x23, 0x14, 0x0B, 0x00, // @ 32
 100              0x00, 0x00, 0xC0, 0x38, 0xE0, 0x00, 0x00, 0x00,
 101              0x20, 0x3C, 0x23, 0x02, 0x02, 0x27, 0x38, 0x20, // A 33
 102              0x08, 0xF8, 0x88, 0x88, 0x88, 0x70, 0x00, 0x00,
 103              0x20, 0x3F, 0x20, 0x20, 0x20, 0x11, 0x0E, 0x00, // B 34
 104              0xC0, 0x30, 0x08, 0x08, 0x08, 0x08, 0x38, 0x00,
 105              0x07, 0x18, 0x20, 0x20, 0x20, 0x10, 0x08, 0x00, // C 35
 106              0x08, 0xF8, 0x08, 0x08, 0x08, 0x10, 0xE0, 0x00,
 107              0x20, 0x3F, 0x20, 0x20, 0x20, 0x10, 0x0F, 0x00, // D 36
 108              0x08, 0xF8, 0x88, 0x88, 0xE8, 0x08, 0x10, 0x00,
 109              0x20, 0x3F, 0x20, 0x20, 0x23, 0x20, 0x18, 0x00, // E 37
 110              0x08, 0xF8, 0x88, 0x88, 0xE8, 0x08, 0x10, 0x00,
 111              0x20, 0x3F, 0x20, 0x00, 0x03, 0x00, 0x00, 0x00, // F 38
 112              0xC0, 0x30, 0x08, 0x08, 0x08, 0x38, 0x00, 0x00,
 113              0x07, 0x18, 0x20, 0x20, 0x22, 0x1E, 0x02, 0x00, // G 39
 114              0x08, 0xF8, 0x08, 0x00, 0x00, 0x08, 0xF8, 0x08,
 115              0x20, 0x3F, 0x21, 0x01, 0x01, 0x21, 0x3F, 0x20, // H 40
 116              0x00, 0x08, 0x08, 0xF8, 0x08, 0x08, 0x00, 0x00,
C51 COMPILER V9.60.7.0   OLED_DATA                                                         12/06/2024 10:38:26 PAGE 3   

 117              0x00, 0x20, 0x20, 0x3F, 0x20, 0x20, 0x00, 0x00, // I 41
 118              0x00, 0x00, 0x08, 0x08, 0xF8, 0x08, 0x08, 0x00,
 119              0xC0, 0x80, 0x80, 0x80, 0x7F, 0x00, 0x00, 0x00, // J 42
 120              0x08, 0xF8, 0x88, 0xC0, 0x28, 0x18, 0x08, 0x00,
 121              0x20, 0x3F, 0x20, 0x01, 0x26, 0x38, 0x20, 0x00, // K 43
 122              0x08, 0xF8, 0x08, 0x00, 0x00, 0x00, 0x00, 0x00,
 123              0x20, 0x3F, 0x20, 0x20, 0x20, 0x20, 0x30, 0x00, // L 44
 124              0x08, 0xF8, 0xF8, 0x00, 0xF8, 0xF8, 0x08, 0x00,
 125              0x20, 0x3F, 0x00, 0x3F, 0x00, 0x3F, 0x20, 0x00, // M 45
 126              0x08, 0xF8, 0x30, 0xC0, 0x00, 0x08, 0xF8, 0x08,
 127              0x20, 0x3F, 0x20, 0x00, 0x07, 0x18, 0x3F, 0x00, // N 46
 128              0xE0, 0x10, 0x08, 0x08, 0x08, 0x10, 0xE0, 0x00,
 129              0x0F, 0x10, 0x20, 0x20, 0x20, 0x10, 0x0F, 0x00, // O 47
 130              0x08, 0xF8, 0x08, 0x08, 0x08, 0x08, 0xF0, 0x00,
 131              0x20, 0x3F, 0x21, 0x01, 0x01, 0x01, 0x00, 0x00, // P 48
 132              0xE0, 0x10, 0x08, 0x08, 0x08, 0x10, 0xE0, 0x00,
 133              0x0F, 0x18, 0x24, 0x24, 0x38, 0x50, 0x4F, 0x00, // Q 49
 134              0x08, 0xF8, 0x88, 0x88, 0x88, 0x88, 0x70, 0x00,
 135              0x20, 0x3F, 0x20, 0x00, 0x03, 0x0C, 0x30, 0x20, // R 50
 136              0x00, 0x70, 0x88, 0x08, 0x08, 0x08, 0x38, 0x00,
 137              0x00, 0x38, 0x20, 0x21, 0x21, 0x22, 0x1C, 0x00, // S 51
 138              0x18, 0x08, 0x08, 0xF8, 0x08, 0x08, 0x18, 0x00,
 139              0x00, 0x00, 0x20, 0x3F, 0x20, 0x00, 0x00, 0x00, // T 52
 140              0x08, 0xF8, 0x08, 0x00, 0x00, 0x08, 0xF8, 0x08,
 141              0x00, 0x1F, 0x20, 0x20, 0x20, 0x20, 0x1F, 0x00, // U 53
 142              0x08, 0x78, 0x88, 0x00, 0x00, 0xC8, 0x38, 0x08,
 143              0x00, 0x00, 0x07, 0x38, 0x0E, 0x01, 0x00, 0x00, // V 54
 144              0xF8, 0x08, 0x00, 0xF8, 0x00, 0x08, 0xF8, 0x00,
 145              0x03, 0x3C, 0x07, 0x00, 0x07, 0x3C, 0x03, 0x00, // W 55
 146              0x08, 0x18, 0x68, 0x80, 0x80, 0x68, 0x18, 0x08,
 147              0x20, 0x30, 0x2C, 0x03, 0x03, 0x2C, 0x30, 0x20, // X 56
 148              0x08, 0x38, 0xC8, 0x00, 0xC8, 0x38, 0x08, 0x00,
 149              0x00, 0x00, 0x20, 0x3F, 0x20, 0x00, 0x00, 0x00, // Y 57
 150              0x10, 0x08, 0x08, 0x08, 0xC8, 0x38, 0x08, 0x00,
 151              0x20, 0x38, 0x26, 0x21, 0x20, 0x20, 0x18, 0x00, // Z 58
 152              0x00, 0x00, 0x00, 0xFE, 0x02, 0x02, 0x02, 0x00,
 153              0x00, 0x00, 0x00, 0x7F, 0x40, 0x40, 0x40, 0x00, // [ 59
 154              0x00, 0x0C, 0x30, 0xC0, 0x00, 0x00, 0x00, 0x00,
 155              0x00, 0x00, 0x00, 0x01, 0x06, 0x38, 0xC0, 0x00, // \ 60
 156              0x00, 0x02, 0x02, 0x02, 0xFE, 0x00, 0x00, 0x00,
 157              0x00, 0x40, 0x40, 0x40, 0x7F, 0x00, 0x00, 0x00, // ] 61
 158              0x00, 0x20, 0x10, 0x08, 0x04, 0x08, 0x10, 0x20,
 159              0x00, 0x00, 0x00, 0x00, 0x00, 0x00, 0x00, 0x00, // ^ 62
 160              0x00, 0x00, 0x00, 0x00, 0x00, 0x00, 0x00, 0x00,
 161              0x80, 0x80, 0x80, 0x80, 0x80, 0x80, 0x80, 0x80, // _ 63
 162              0x00, 0x02, 0x04, 0x08, 0x00, 0x00, 0x00, 0x00,
 163              0x00, 0x00, 0x00, 0x00, 0x00, 0x00, 0x00, 0x00, // ` 64
 164              0x00, 0x00, 0x80, 0x80, 0x80, 0x80, 0x00, 0x00,
 165              0x00, 0x19, 0x24, 0x22, 0x22, 0x22, 0x3F, 0x20, // a 65
 166              0x08, 0xF8, 0x00, 0x80, 0x80, 0x00, 0x00, 0x00,
 167              0x00, 0x3F, 0x11, 0x20, 0x20, 0x11, 0x0E, 0x00, // b 66
 168              0x00, 0x00, 0x00, 0x80, 0x80, 0x80, 0x00, 0x00,
 169              0x00, 0x0E, 0x11, 0x20, 0x20, 0x20, 0x11, 0x00, // c 67
 170              0x00, 0x00, 0x00, 0x80, 0x80, 0x88, 0xF8, 0x00,
 171              0x00, 0x0E, 0x11, 0x20, 0x20, 0x10, 0x3F, 0x20, // d 68
 172              0x00, 0x00, 0x80, 0x80, 0x80, 0x80, 0x00, 0x00,
 173              0x00, 0x1F, 0x22, 0x22, 0x22, 0x22, 0x13, 0x00, // e 69
 174              0x00, 0x80, 0x80, 0xF0, 0x88, 0x88, 0x88, 0x18,
 175              0x00, 0x20, 0x20, 0x3F, 0x20, 0x20, 0x00, 0x00, // f 70
 176              0x00, 0x00, 0x80, 0x80, 0x80, 0x80, 0x80, 0x00,
 177              0x00, 0x6B, 0x94, 0x94, 0x94, 0x93, 0x60, 0x00, // g 71
 178              0x08, 0xF8, 0x00, 0x80, 0x80, 0x80, 0x00, 0x00,
C51 COMPILER V9.60.7.0   OLED_DATA                                                         12/06/2024 10:38:26 PAGE 4   

 179              0x20, 0x3F, 0x21, 0x00, 0x00, 0x20, 0x3F, 0x20, // h 72
 180              0x00, 0x80, 0x98, 0x98, 0x00, 0x00, 0x00, 0x00,
 181              0x00, 0x20, 0x20, 0x3F, 0x20, 0x20, 0x00, 0x00, // i 73
 182              0x00, 0x00, 0x00, 0x80, 0x98, 0x98, 0x00, 0x00,
 183              0x00, 0xC0, 0x80, 0x80, 0x80, 0x7F, 0x00, 0x00, // j 74
 184              0x08, 0xF8, 0x00, 0x00, 0x80, 0x80, 0x80, 0x00,
 185              0x20, 0x3F, 0x24, 0x02, 0x2D, 0x30, 0x20, 0x00, // k 75
 186              0x00, 0x08, 0x08, 0xF8, 0x00, 0x00, 0x00, 0x00,
 187              0x00, 0x20, 0x20, 0x3F, 0x20, 0x20, 0x00, 0x00, // l 76
 188              0x80, 0x80, 0x80, 0x80, 0x80, 0x80, 0x80, 0x00,
 189              0x20, 0x3F, 0x20, 0x00, 0x3F, 0x20, 0x00, 0x3F, // m 77
 190              0x00, 0x80, 0x80, 0x00, 0x80, 0x80, 0x00, 0x00,
 191              0x00, 0x20, 0x3F, 0x21, 0x00, 0x20, 0x3F, 0x20, // n 78
 192              0x00, 0x00, 0x80, 0x80, 0x80, 0x80, 0x00, 0x00,
 193              0x00, 0x1F, 0x20, 0x20, 0x20, 0x20, 0x1F, 0x00, // o 79
 194              0x80, 0x80, 0x00, 0x80, 0x80, 0x00, 0x00, 0x00,
 195              0x80, 0xFF, 0xA1, 0x20, 0x20, 0x11, 0x0E, 0x00, // p 80
 196              0x00, 0x00, 0x00, 0x80, 0x80, 0x80, 0x80, 0x00,
 197              0x00, 0x0E, 0x11, 0x20, 0x20, 0xA0, 0xFF, 0x80, // q 81
 198              0x80, 0x80, 0x80, 0x00, 0x80, 0x80, 0x80, 0x00,
 199              0x20, 0x20, 0x3F, 0x21, 0x20, 0x00, 0x01, 0x00, // r 82
 200              0x00, 0x00, 0x80, 0x80, 0x80, 0x80, 0x80, 0x00,
 201              0x00, 0x33, 0x24, 0x24, 0x24, 0x24, 0x19, 0x00, // s 83
 202              0x00, 0x80, 0x80, 0xE0, 0x80, 0x80, 0x00, 0x00,
 203              0x00, 0x00, 0x00, 0x1F, 0x20, 0x20, 0x00, 0x00, // t 84
 204              0x80, 0x80, 0x00, 0x00, 0x00, 0x80, 0x80, 0x00,
 205              0x00, 0x1F, 0x20, 0x20, 0x20, 0x10, 0x3F, 0x20, // u 85
 206              0x80, 0x80, 0x80, 0x00, 0x00, 0x80, 0x80, 0x80,
 207              0x00, 0x01, 0x0E, 0x30, 0x08, 0x06, 0x01, 0x00, // v 86
 208              0x80, 0x80, 0x00, 0x80, 0x00, 0x80, 0x80, 0x80,
 209              0x0F, 0x30, 0x0C, 0x03, 0x0C, 0x30, 0x0F, 0x00, // w 87
 210              0x00, 0x80, 0x80, 0x00, 0x80, 0x80, 0x80, 0x00,
 211              0x00, 0x20, 0x31, 0x2E, 0x0E, 0x31, 0x20, 0x00, // x 88
 212              0x80, 0x80, 0x80, 0x00, 0x00, 0x80, 0x80, 0x80,
 213              0x80, 0x81, 0x8E, 0x70, 0x18, 0x06, 0x01, 0x00, // y 89
 214              0x00, 0x80, 0x80, 0x80, 0x80, 0x80, 0x80, 0x00,
 215              0x00, 0x21, 0x30, 0x2C, 0x22, 0x21, 0x30, 0x00, // z 90
 216              0x00, 0x00, 0x00, 0x00, 0x80, 0x7C, 0x02, 0x02,
 217              0x00, 0x00, 0x00, 0x00, 0x00, 0x3F, 0x40, 0x40, // { 91
 218              0x00, 0x00, 0x00, 0x00, 0xFF, 0x00, 0x00, 0x00,
 219              0x00, 0x00, 0x00, 0x00, 0xFF, 0x00, 0x00, 0x00, // | 92
 220              0x00, 0x02, 0x02, 0x7C, 0x80, 0x00, 0x00, 0x00,
 221              0x00, 0x40, 0x40, 0x3F, 0x00, 0x00, 0x00, 0x00, // } 93
 222              0x00, 0x80, 0x40, 0x40, 0x80, 0x00, 0x00, 0x80,
 223              0x00, 0x00, 0x00, 0x00, 0x00, 0x01, 0x01, 0x00, // ~ 94
 224          };
 225          
 226          /*ÂÆΩ6ÂÉèÁ¥†ÔºåÈ´ò8ÂÉèÁ¥†*/
 227          const uint8_t code OLED_F6x8[][6] = {
 228              0x00, 0x00, 0x00, 0x00, 0x00, 0x00, //   0
 229              0x00, 0x00, 0x00, 0x2F, 0x00, 0x00, // ! 1
 230              0x00, 0x00, 0x07, 0x00, 0x07, 0x00, // " 2
 231              0x00, 0x14, 0x7F, 0x14, 0x7F, 0x14, // # 3
 232              0x00, 0x24, 0x2A, 0x7F, 0x2A, 0x12, // $ 4
 233              0x00, 0x23, 0x13, 0x08, 0x64, 0x62, // % 5
 234              0x00, 0x36, 0x49, 0x55, 0x22, 0x50, // & 6
 235              0x00, 0x00, 0x00, 0x07, 0x00, 0x00, // ' 7
 236              0x00, 0x00, 0x1C, 0x22, 0x41, 0x00, // ( 8
 237              0x00, 0x00, 0x41, 0x22, 0x1C, 0x00, // ) 9
 238              0x00, 0x14, 0x08, 0x3E, 0x08, 0x14, // * 10
 239              0x00, 0x08, 0x08, 0x3E, 0x08, 0x08, // + 11
 240              0x00, 0x00, 0x00, 0xA0, 0x60, 0x00, // , 12
C51 COMPILER V9.60.7.0   OLED_DATA                                                         12/06/2024 10:38:26 PAGE 5   

 241              0x00, 0x08, 0x08, 0x08, 0x08, 0x08, // - 13
 242              0x00, 0x00, 0x60, 0x60, 0x00, 0x00, // . 14
 243              0x00, 0x20, 0x10, 0x08, 0x04, 0x02, // / 15
 244              0x00, 0x3E, 0x51, 0x49, 0x45, 0x3E, // 0 16
 245              0x00, 0x00, 0x42, 0x7F, 0x40, 0x00, // 1 17
 246              0x00, 0x42, 0x61, 0x51, 0x49, 0x46, // 2 18
 247              0x00, 0x21, 0x41, 0x45, 0x4B, 0x31, // 3 19
 248              0x00, 0x18, 0x14, 0x12, 0x7F, 0x10, // 4 20
 249              0x00, 0x27, 0x45, 0x45, 0x45, 0x39, // 5 21
 250              0x00, 0x3C, 0x4A, 0x49, 0x49, 0x30, // 6 22
 251              0x00, 0x01, 0x71, 0x09, 0x05, 0x03, // 7 23
 252              0x00, 0x36, 0x49, 0x49, 0x49, 0x36, // 8 24
 253              0x00, 0x06, 0x49, 0x49, 0x29, 0x1E, // 9 25
 254              0x00, 0x00, 0x36, 0x36, 0x00, 0x00, // : 26
 255              0x00, 0x00, 0x56, 0x36, 0x00, 0x00, // ; 27
 256              0x00, 0x08, 0x14, 0x22, 0x41, 0x00, // < 28
 257              0x00, 0x14, 0x14, 0x14, 0x14, 0x14, // = 29
 258              0x00, 0x00, 0x41, 0x22, 0x14, 0x08, // > 30
 259              0x00, 0x02, 0x01, 0x51, 0x09, 0x06, // ? 31
 260              0x00, 0x3E, 0x49, 0x55, 0x59, 0x2E, // @ 32
 261              0x00, 0x7C, 0x12, 0x11, 0x12, 0x7C, // A 33
 262              0x00, 0x7F, 0x49, 0x49, 0x49, 0x36, // B 34
 263              0x00, 0x3E, 0x41, 0x41, 0x41, 0x22, // C 35
 264              0x00, 0x7F, 0x41, 0x41, 0x22, 0x1C, // D 36
 265              0x00, 0x7F, 0x49, 0x49, 0x49, 0x41, // E 37
 266              0x00, 0x7F, 0x09, 0x09, 0x09, 0x01, // F 38
 267              0x00, 0x3E, 0x41, 0x49, 0x49, 0x7A, // G 39
 268              0x00, 0x7F, 0x08, 0x08, 0x08, 0x7F, // H 40
 269              0x00, 0x00, 0x41, 0x7F, 0x41, 0x00, // I 41
 270              0x00, 0x20, 0x40, 0x41, 0x3F, 0x01, // J 42
 271              0x00, 0x7F, 0x08, 0x14, 0x22, 0x41, // K 43
 272              0x00, 0x7F, 0x40, 0x40, 0x40, 0x40, // L 44
 273              0x00, 0x7F, 0x02, 0x0C, 0x02, 0x7F, // M 45
 274              0x00, 0x7F, 0x04, 0x08, 0x10, 0x7F, // N 46
 275              0x00, 0x3E, 0x41, 0x41, 0x41, 0x3E, // O 47
 276              0x00, 0x7F, 0x09, 0x09, 0x09, 0x06, // P 48
 277              0x00, 0x3E, 0x41, 0x51, 0x21, 0x5E, // Q 49
 278              0x00, 0x7F, 0x09, 0x19, 0x29, 0x46, // R 50
 279              0x00, 0x46, 0x49, 0x49, 0x49, 0x31, // S 51
 280              0x00, 0x01, 0x01, 0x7F, 0x01, 0x01, // T 52
 281              0x00, 0x3F, 0x40, 0x40, 0x40, 0x3F, // U 53
 282              0x00, 0x1F, 0x20, 0x40, 0x20, 0x1F, // V 54
 283              0x00, 0x3F, 0x40, 0x38, 0x40, 0x3F, // W 55
 284              0x00, 0x63, 0x14, 0x08, 0x14, 0x63, // X 56
 285              0x00, 0x07, 0x08, 0x70, 0x08, 0x07, // Y 57
 286              0x00, 0x61, 0x51, 0x49, 0x45, 0x43, // Z 58
 287              0x00, 0x00, 0x7F, 0x41, 0x41, 0x00, // [ 59
 288              0x00, 0x02, 0x04, 0x08, 0x10, 0x20, // \ 60
 289              0x00, 0x00, 0x41, 0x41, 0x7F, 0x00, // ] 61
 290              0x00, 0x04, 0x02, 0x01, 0x02, 0x04, // ^ 62
 291              0x00, 0x40, 0x40, 0x40, 0x40, 0x40, // _ 63
 292              0x00, 0x00, 0x01, 0x02, 0x04, 0x00, // ` 64
 293              0x00, 0x20, 0x54, 0x54, 0x54, 0x78, // a 65
 294              0x00, 0x7F, 0x48, 0x44, 0x44, 0x38, // b 66
 295              0x00, 0x38, 0x44, 0x44, 0x44, 0x20, // c 67
 296              0x00, 0x38, 0x44, 0x44, 0x48, 0x7F, // d 68
 297              0x00, 0x38, 0x54, 0x54, 0x54, 0x18, // e 69
 298              0x00, 0x08, 0x7E, 0x09, 0x01, 0x02, // f 70
 299              0x00, 0x18, 0xA4, 0xA4, 0xA4, 0x7C, // g 71
 300              0x00, 0x7F, 0x08, 0x04, 0x04, 0x78, // h 72
 301              0x00, 0x00, 0x44, 0x7D, 0x40, 0x00, // i 73
 302              0x00, 0x40, 0x80, 0x84, 0x7D, 0x00, // j 74
C51 COMPILER V9.60.7.0   OLED_DATA                                                         12/06/2024 10:38:26 PAGE 6   

 303              0x00, 0x7F, 0x10, 0x28, 0x44, 0x00, // k 75
 304              0x00, 0x00, 0x41, 0x7F, 0x40, 0x00, // l 76
 305              0x00, 0x7C, 0x04, 0x18, 0x04, 0x78, // m 77
 306              0x00, 0x7C, 0x08, 0x04, 0x04, 0x78, // n 78
 307              0x00, 0x38, 0x44, 0x44, 0x44, 0x38, // o 79
 308              0x00, 0xFC, 0x24, 0x24, 0x24, 0x18, // p 80
 309              0x00, 0x18, 0x24, 0x24, 0x18, 0xFC, // q 81
 310              0x00, 0x7C, 0x08, 0x04, 0x04, 0x08, // r 82
 311              0x00, 0x48, 0x54, 0x54, 0x54, 0x20, // s 83
 312              0x00, 0x04, 0x3F, 0x44, 0x40, 0x20, // t 84
 313              0x00, 0x3C, 0x40, 0x40, 0x20, 0x7C, // u 85
 314              0x00, 0x1C, 0x20, 0x40, 0x20, 0x1C, // v 86
 315              0x00, 0x3C, 0x40, 0x30, 0x40, 0x3C, // w 87
 316              0x00, 0x44, 0x28, 0x10, 0x28, 0x44, // x 88
 317              0x00, 0x1C, 0xA0, 0xA0, 0xA0, 0x7C, // y 89
 318              0x00, 0x44, 0x64, 0x54, 0x4C, 0x44, // z 90
 319              0x00, 0x00, 0x08, 0x7F, 0x41, 0x00, // { 91
 320              0x00, 0x00, 0x00, 0x7F, 0x00, 0x00, // | 92
 321              0x00, 0x00, 0x41, 0x7F, 0x08, 0x00, // } 93
 322              0x00, 0x08, 0x04, 0x08, 0x10, 0x08, // ~ 94
 323          };
 324          /*********************ASCIIÂ≠óÊ®°Êï∞ÊçÆ*/
 325          
 326          
 327          /*Ê±âÂ≠óÂ≠óÊ®°Êï∞ÊçÆ*********************/
 328          
 329          /*Áõ∏ÂêåÁöÑÊ±âÂ≠óÂè™ÈúÄË¶ÅÂÆö‰πâ‰∏ÄÊ¨°ÔºåÊ±âÂ≠ó‰∏çÂàÜÂÖàÂêéÈ°∫Â∫è*/
 330          /*ÂøÖÈ°ªÂÖ®ÈÉ®‰∏∫Ê±âÂ≠óÊàñËÄÖÂÖ®ËßíÂ≠óÁ¨¶Ôºå‰∏çË¶ÅÂä†ÂÖ•‰ªª‰ΩïÂçäËßíÂ≠óÁ¨¶*/
 331          
 332          /*ÂÆΩ16ÂÉèÁ¥†ÔºåÈ´ò16ÂÉèÁ¥†*/
 333          const ChineseCell_t code OLED_CF16x16[] = {
 334          
 335              "Ôºå",
 336              0x00, 0x00, 0x00, 0x00, 0x00, 0x00, 0x00, 0x00, 0x00, 0x00, 0x00, 0x00, 0x00, 0x00, 0x00, 0x00,
 337              0x00, 0x00, 0x58, 0x38, 0x00, 0x00, 0x00, 0x00, 0x00, 0x00, 0x00, 0x00, 0x00, 0x00, 0x00, 0x00,
 338          
 339              "„ÄÇ",
 340              0x00, 0x00, 0x00, 0x00, 0x00, 0x00, 0x00, 0x00, 0x00, 0x00, 0x00, 0x00, 0x00, 0x00, 0x00, 0x00,
 341              0x00, 0x00, 0x18, 0x24, 0x24, 0x18, 0x00, 0x00, 0x00, 0x00, 0x00, 0x00, 0x00, 0x00, 0x00, 0x00,
 342          
 343              "‰Ω†",
 344              0x00, 0x80, 0x60, 0xF8, 0x07, 0x40, 0x20, 0x18, 0x0F, 0x08, 0xC8, 0x08, 0x08, 0x28, 0x18, 0x00,
 345              0x01, 0x00, 0x00, 0xFF, 0x00, 0x10, 0x0C, 0x03, 0x40, 0x80, 0x7F, 0x00, 0x01, 0x06, 0x18, 0x00,
 346          
 347              "Â•Ω",
 348              0x10, 0x10, 0xF0, 0x1F, 0x10, 0xF0, 0x00, 0x80, 0x82, 0x82, 0xE2, 0x92, 0x8A, 0x86, 0x80, 0x00,
 349              0x40, 0x22, 0x15, 0x08, 0x16, 0x61, 0x00, 0x00, 0x40, 0x80, 0x7F, 0x00, 0x00, 0x00, 0x00, 0x00,
 350          
 351              "‰∏ñ",
 352              0x20, 0x20, 0x20, 0xFE, 0x20, 0x20, 0xFF, 0x20, 0x20, 0x20, 0xFF, 0x20, 0x20, 0x20, 0x20, 0x00,
 353              0x00, 0x00, 0x00, 0x7F, 0x40, 0x40, 0x47, 0x44, 0x44, 0x44, 0x47, 0x40, 0x40, 0x40, 0x00, 0x00,
 354          
 355              "Áïå",
 356              0x00, 0x00, 0x00, 0xFE, 0x92, 0x92, 0x92, 0xFE, 0x92, 0x92, 0x92, 0xFE, 0x00, 0x00, 0x00, 0x00,
 357              0x08, 0x08, 0x04, 0x84, 0x62, 0x1E, 0x01, 0x00, 0x01, 0xFE, 0x02, 0x04, 0x04, 0x08, 0x08, 0x00,
 358          
 359              /*ÊåâÁÖß‰∏äÈù¢ÁöÑÊ†ºÂºèÔºåÂú®Ëøô‰∏™‰ΩçÁΩÆÂä†ÂÖ•Êñ∞ÁöÑÊ±âÂ≠óÊï∞ÊçÆ*/
 360              //...
 361          
 362          
 363              /*Êú™ÊâæÂà∞ÊåáÂÆöÊ±âÂ≠óÊó∂ÊòæÁ§∫ÁöÑÈªòËÆ§ÂõæÂΩ¢Ôºà‰∏Ä‰∏™ÊñπÊ°ÜÔºåÂÜÖÈÉ®‰∏Ä‰∏™ÈóÆÂè∑ÔºâÔºåËØ∑Á°Æ‰øùÂÖ∂‰
             -Ωç‰∫éÊï∞ÁªÑÊúÄÊú´Â∞æ*/
C51 COMPILER V9.60.7.0   OLED_DATA                                                         12/06/2024 10:38:26 PAGE 7   

 364              "",
 365              0xFF, 0x01, 0x01, 0x01, 0x31, 0x09, 0x09, 0x09, 0x09, 0x89, 0x71, 0x01, 0x01, 0x01, 0x01, 0xFF,
 366              0xFF, 0x80, 0x80, 0x80, 0x80, 0x80, 0x80, 0x96, 0x81, 0x80, 0x80, 0x80, 0x80, 0x80, 0x80, 0xFF,
 367          
 368          };
 369          
 370          /*********************Ê±âÂ≠óÂ≠óÊ®°Êï∞ÊçÆ*/
 371          
 372          
 373          /*ÂõæÂÉèÊï∞ÊçÆ*********************/
 374          
 375          /*ÊµãËØïÂõæÂÉèÔºà‰∏Ä‰∏™ÊñπÊ°ÜÔºåÂÜÖÈÉ®‰∏Ä‰∏™‰∫åÊûÅÁÆ°Á¨¶Âè∑ÔºâÔºåÂÆΩ16ÂÉèÁ¥†ÔºåÈ´ò16ÂÉèÁ¥†*/
 376          const uint8_t code Diode[] = {
 377              0xFF, 0x01, 0x81, 0x81, 0x81, 0xFD, 0x89, 0x91, 0xA1, 0xC1, 0xFD, 0x81, 0x81, 0x81, 0x01, 0xFF,
 378              0xFF, 0x80, 0x80, 0x80, 0x80, 0x9F, 0x88, 0x84, 0x82, 0x81, 0x9F, 0x80, 0x80, 0x80, 0x80, 0xFF,
 379          };
 380          
 381          /*ÊåâÁÖß‰∏äÈù¢ÁöÑÊ†ºÂºèÔºåÂú®Ëøô‰∏™‰ΩçÁΩÆÂä†ÂÖ•Êñ∞ÁöÑÂõæÂÉèÊï∞ÊçÆ*/
 382          //...
 383          
 384          /*********************ÂõæÂÉèÊï∞ÊçÆ*/
 385          
 386          const unsigned char code dioda16[32] = {
 387              0x40, 0x40, 0xC2, 0x6A, 0xFF, 0xE5, 0x0F, 0x7A, 0xEA, 0xF2, 0x62, 0x20, 0xE0, 0x20, 0x40, 0x80,
 388              0x02, 0x02, 0x43, 0x56, 0xFF, 0xA7, 0xF0, 0x5E, 0x57, 0x4F, 0x46, 0x04, 0x07, 0x04, 0x02, 0x01,
 389          };
 390          
 391          
 392          const unsigned char code GROUND[] = {
 393              0xc8, 0xc8, 0xc8, 0x28, 0x28, 0x28, 0x8, 0xc8, 0xc8, 0x8, 0x8, 0x8, 0x8, 0x8, 0x8, 0x8, 0x8, 0x8, 0x8,
             - 0x8, 0x8, 0x48, 0x8, 0x8, 0xc8, 0xc8, 0xc8, 0x8, 0x38, 0x38, 0x8,
 394              0x8, 0x8, 0x8, 0x8, 0x48, 0x48, 0x8, 0x8, 0x8, 0x8, 0x8, 0x8, 0x28, 0x8, 0x48, 0x48, 0x48, 0x8, 0x8, 0
             -x8, 0x28, 0x28, 0x8, 0x8, 0x8, 0x8, 0x8, 0x8, 0x8, 0x8, 0xc8, 0x8,
 395              0x8, 0x8, 0x8, 0x8, 0x8, 0x8, 0x48, 0x8, 0x8, 0x8, 0x8, 0x8, 0x8, 0x38, 0x38, 0x8, 0x8, 0x8, 0x8, 0x8,
             - 0x8, 0x8, 0x8, 0x8, 0x8, 0x8, 0x48, 0x8, 0x28, 0x28, 0x8, 0x48, 0x48, 0x8, 0x8, 0x8, 0x8, 0x8, 0x8, 0x8, 0x8, 0x8, 0x8,
             - 0x8, 0x8, 0x28, 0x8, 0x8, 0x8, 0x8, 0x38, 0x38, 0x8, 0x68, 0x8, 0x8, 0x8, 0x8, 0x8, 0x8, 0x28, 0x8, 0x8, 0x8, 0x8,
 396              0x8, 0x8, 0x8, 0x48, 0x8, 0x48, 0x48, 0x8, 0x8, 0x8, 0x8, 0x8, 0x8, 0x48, 0x48, 0x8, 0x8, 0x8, 0x8, 0x
             -8, 0x8, 0x8, 0x68, 0x8, 0x8, 0x8, 0x8, 0x8, 0x8, 0x8, 0x8, 0x8, 0x8, 0x28, 0x8, 0x8, 0x8, 0x8, 0x8, 0x8, 0xc8, 0xc8, 0x8
             -, 0x9, 0x8, 0x8, 0x8, 0x8, 0x8, 0x38, 0x38, 0x8, 0x8, 0x28, 0x8, 0x9, 0x8, 0x8, 0x8, 0x8, 0x8, 0x8, 0x8, 0x28, 0x28, 0x8
             -, 0x8, 0x8, 0x9, 0x8, 0x8, 0x8, 0x8, 0x8, 0x8, 0x8, 0x8, 0x68, 0x68, 0x8, 0xc9, 0xc8, 0xc8, 0x8, 0x8, 0x8, 0xc8, 0x8, 0x
             -8, 0x8, 0x8, 0x28, 0x29, 0x8, 0x8, 0x8, 0x8,
 397              0x8, 0x8, 0x8, 0x8, 0x8, 0x8, 0x8, 0x48, 0x49, 0x8, 0x8, 0x8, 0x8, 0x8, 0x8, 0x8, 0x8, 0x8, 0x8, 0x8, 
             -0x68, 0x68, 0x8, 0x8, 0x28, 0x28, 0x8, 0x8, 0x8, 0x8, 0x8, 0x8, 0x8, 0x68, 0x68, 0x8, 0x8, 0xc8, 0xc8, 0x8, 0x8, 0x8, 0x
             -8, 0x8, 0x8, 0x8, 0x8, 0x28, 0x28, 0x8, 0x28, 0x8, 0x8, 0x8, 0x8, 0x8, 0x28, 0x28, 0x28, 0x8, 0x8, 0x48, 0x8, 0x38,
 398              0x38, 0x8, 0x8, 0x8, 0x8, 0xc8, 0x8, 0x8, 0x8, 0x8, 0x8, 0xc8, 0xc8, 0xc8, 0x28, 0x28, 0x28, 0x8, 0xc8
             -, 0xc8, 0x8, 0x8, 0x8, 0x8, 0x8, 0x8, 0x8, 0x8, 0x8, 0x8, 0x8, 0x48, 0x48, 0x8, 0x8, 0xc8, 0xc8, 0xc8, 0x8, 0x38, 0x38, 
             -0x8, 0x8, 0x8, 0x8, 0x8, 0x48, 0x48, 0x8, 0x8, 0x8, 0x8, 0x8, 0x28, 0x28, 0x8, 0x48, 0x48, 0x48, 0x8, 0x8, 0x8, 0x28, 0x
             -28, 0x8, 0x8, 0x8, 0x8, 0x8, 0x8, 0x8, 0x8, 0xc8, 0x8, 0x8, 0x8, 0xc, 0x6, 0x2, 0x42, 0x42, 0x6, 0xc, 0x8, 0x8, 0x8, 0x8
             -, 0x38, 0x38, 0x8, 0x18, 0x18, 0x10, 0x10, 0x10, 0x10, 0x10, 0x18, 0x18, 0x8, 0x48, 0x8, 0x28, 0x28, 0x8, 0x48, 0x48, 0x
             -8, 0x8, 0x8, 0x8, 0x8, 0x8, 0x8, 0x8, 0x8, 0x8, 0x8, 0x28, 0x28, 0x8, 0x8, 0x8, 0x8, 0x38, 0x38, 0x68, 0x68, 0x8, 0x8, 0
             -x8, 0x8, 0x8, 0x8, 0x28, 0x8, 0x8, 0x8, 0x8, 0x8, 0x8, 0x8, 0x48, 0x8, 0x48, 0x48, 0x8, 0x8, 0x8, 0x8, 0x8, 0x8, 0x48, 0
             -x48, 0x8, 0x8, 0x8, 0x8, 0x8, 0x8, 0x68, 0x68, 0x8, 0x8, 0x8, 0x8, 0x8, 0x8, 0x8, 0x8, 0x8, 0x28, 0x28, 0x8, 0x8, 0x8, 0
             -x8, 0x8, 0xc8, 0xc8, 0xc8, 0x8, 0x8, 0x8, 0x8, 0x8, 0x8, 0x28, 0x38, 0x38, 0x8, 0x8, 0x28, 0x8, 0x8, 0x8, 0x8, 0x8, 0x8,
             - 0x8, 0x8, 0x28, 0x28, 0x28, 0x8, 0x8, 0x8, 0x8, 0x8, 0x8, 0x8, 0x8, 0x8, 0x8, 0x8, 0x8, 0x68, 0x68, 0x8, 0xc8, 0xc8, 0x
             -c8, 0x8, 0x8, 0x8, 0xc8, 0x8, 0x8, 0x8, 0x8, 0x28, 0x28, 0x8, 0x8, 0x8, 0x8, 0xc, 0x4, 0x6, 0x2, 0x2, 0x6, 0xc, 0x4c, 0x
             -48, 0x8, 0x8, 0x8, 0xc, 0x4, 0x6, 0x2, 0x2, 0x6, 0xc, 0xc, 0x68, 0x68, 0x8, 0x28, 0x28, 0x28, 0x8, 0x8, 0x8, 0x8, 0x8, 0
             -x8, 0x68, 0x68, 0x68, 0x8, 0x8, 0xc8, 0xc8, 0x8, 0x8, 0x8, 0x8, 0x8, 0x8, 0x8, 0x8, 0x28, 0x28, 0x28, 0x28, 0x8, 0x8, 0x
             -8,
 399              0x8, 0x8, 0x28, 0x28, 0x28, 0x8, 0x8, 0x48, 0x28, 0x38, 0x38, 0x8, 0x8, 0x8, 0x8, 0xc8, 0x8, 0x8,
 400          };
 401          
 402          const unsigned char code CLOUD[] = {
C51 COMPILER V9.60.7.0   OLED_DATA                                                         12/06/2024 10:38:26 PAGE 8   

 403              0x80, 0xc0, 0xe0, 0x70, 0xb0, 0xb0, 0xb0, 0x98, 0x88, 0x8e, 0x83, 0x83, 0x83, 0x81, 0x81, 0x93, 0x8e, 
             -0x8c, 0x88, 0x88, 0x98, 0xb0, 0xf0, 0xc0
 404          };
 405          
 406          const unsigned char code DINO[2][32] = {
 407              0xe0, 0x80, 0x0, 0x0, 0x0, 0x80, 0xc0, 0xe0, 0xfe, 0xff, 0xfd, 0xbf, 0xaf, 0x2f, 0x2f, 0xe, 0x3, 0x7, 
             -0xf, 0x1e, 0xff, 0xbf, 0x1f, 0x1f, 0x3f, 0x2f, 0x7, 0x0, 0x1, 0x0, 0x0, 0x0,
 408              0xe0, 0x80, 0x0, 0x0, 0x0, 0x80, 0xc0, 0xe0, 0xfe, 0xff, 0xfd, 0xbf, 0xaf, 0x2f, 0x2f, 0xe, 0x3, 0x7, 
             -0xf, 0x1e, 0x3f, 0x7f, 0x5f, 0x3f, 0xff, 0x8f, 0x7, 0x0, 0x1, 0x0, 0x0, 0x0
 409          };
 410          
 411          
 412          const unsigned char code DINO_JUMP[8][48] = { //
 413              0x0, 0x0, 0x0, 0x0, 0x0, 0x0, 0x0, 0x0, 0x0, 0x0, 0x0, 0x0, 0x0, 0x0, 0x0, 0x0, 0xe0, 0x80, 0x0, 0x0, 
             -0x0, 0x80, 0xc0, 0xc0, 0xfe, 0xff, 0xfd, 0xbf, 0xaf, 0x2f, 0x2f, 0xe, 0x3, 0x7, 0xf, 0x1f, 0xff, 0xbf, 0x1f, 0x3f, 0xff,
             - 0x8f, 0x7, 0x0, 0x1, 0x0, 0x0, 0x0,
 414          
 415              0x0, 0x0, 0x0, 0x0, 0x0, 0x0, 0x0, 0x0, 0x0, 0x80, 0x80, 0x80, 0x80, 0x80, 0x80, 0x0, 0xf0, 0xc0, 0x80
             -, 0x80, 0x80, 0xc0, 0xe0, 0xe0, 0xff, 0xff, 0xfe, 0x5f, 0xd7, 0x17, 0x17, 0x7, 0x1, 0x3, 0x7, 0xf, 0x7f, 0x5f, 0xf, 0x1f
             -, 0x7f, 0x47, 0x3, 0x0, 0x0, 0x0, 0x0, 0x0,
 416          
 417              0x0, 0x0, 0x0, 0x0, 0x0, 0x0, 0x0, 0x0, 0x80, 0xc0, 0x40, 0xc0, 0xc0, 0xc0, 0xc0, 0x80, 0xf8, 0xe0, 0x
             -c0, 0xc0, 0xc0, 0xe0, 0xf0, 0xf0, 0xff, 0xff, 0xff, 0x2f, 0x6b, 0xb, 0xb, 0x3, 0x0, 0x1, 0x3, 0x7, 0x3f, 0x2f, 0x7, 0xf,
             - 0x3f, 0x23, 0x1, 0x0, 0x0, 0x0, 0x0, 0x0,
 418          
 419              0x0, 0x0, 0x0, 0x0, 0x0, 0x0, 0x0, 0x0, 0xc0, 0xe0, 0xa0, 0xe0, 0xe0, 0xe0, 0xe0, 0xc0, 0x7c, 0xf0, 0x
             -e0, 0xe0, 0xe0, 0xf0, 0xf8, 0xf8, 0xff, 0xff, 0xff, 0x17, 0x35, 0x5, 0x5, 0x1, 0x0, 0x0, 0x1, 0x3, 0x1f, 0x17, 0x3, 0x7,
             - 0x1f, 0x11, 0x0, 0x0, 0x0, 0x0, 0x0, 0x0,
 420          
 421              0x0, 0x0, 0x0, 0x0, 0x0, 0x0, 0x0, 0x0, 0xe0, 0xf0, 0xd0, 0xf0, 0xf0, 0xf0, 0xf0, 0xe0, 0x3e, 0x78, 0x
             -f0, 0xf0, 0xf0, 0xf8, 0xfc, 0xfc, 0xff, 0xff, 0x7f, 0xb, 0x1a, 0x2, 0x2, 0x0, 0x0, 0x0, 0x0, 0x1, 0xf, 0xb, 0x1, 0x3, 0x
             -f, 0x8, 0x0, 0x0, 0x0, 0x0, 0x0, 0x0,
 422          
 423              0x0, 0x0, 0x0, 0x0, 0x0, 0x0, 0x0, 0x0, 0xf0, 0xf8, 0xe8, 0xf8, 0x78, 0x78, 0x78, 0x70, 0x1f, 0x3c, 0x
             -78, 0xf8, 0xf8, 0xfc, 0xfe, 0xfe, 0xff, 0x7f, 0x3f, 0x5, 0xd, 0x1, 0x1, 0x0, 0x0, 0x0, 0x0, 0x0, 0x7,
 424              0x5, 0x0, 0x1, 0x7, 0x4, 0x0, 0x0, 0x0, 0x0, 0x0, 0x0,
 425          
 426              0x80, 0x0, 0x0, 0x0, 0x0, 0x0, 0x0, 0x0, 0xf8, 0xfc, 0xf4, 0xfc, 0xbc, 0xbc, 0xbc, 0x38, 0xf, 0x1e, 0x
             -3c, 0x7c, 0xfc, 0xfe, 0x7f, 0xff, 0xff, 0x3f, 0x1f, 0x2, 0x6, 0x0, 0x0, 0x0, 0x0, 0x0, 0x0, 0x0, 0x3,
 427              0x2, 0x0, 0x0, 0x3, 0x2, 0x0, 0x0, 0x0, 0x0, 0x0, 0x0,
 428          
 429              0xc0, 0x0, 0x0, 0x0, 0x0, 0x0, 0x80, 0x80, 0xfc, 0xfe, 0xfa, 0x7e, 0x5e, 0x5e, 0x5e, 0x1c, 0x7, 0xf, 0
             -x1e, 0x3e, 0xfe, 0x7f, 0x3f, 0x7f, 0xff, 0x1f, 0xf, 0x1, 0x3, 0x0, 0x0, 0x0, 0x0, 0x0, 0x0, 0x0, 0x1,
 430              0x1, 0x0, 0x0, 0x1, 0x1, 0x0, 0x0, 0x0, 0x0, 0x0, 0x0,
 431          };
 432          
 433          
 434          const unsigned char code CACTUS_1[] = {
 435              0xf0, 0xf0, 0x0, 0xff, 0xff, 0x0, 0xf0, 0xf0, 0x3, 0x7, 0x86, 0xff, 0xff, 0x6, 0x3, 0x1
 436          };
 437          
 438          const unsigned char code CACTUS_2[] = {
 439              0xf0, 0xe0, 0x0, 0xff, 0xfe, 0x80, 0xfc, 0x0, 0x0, 0x7c, 0xc0, 0xfe, 0xff, 0x0, 0x80, 0xfc,
 440              0x3, 0x7, 0x6, 0xff, 0xff, 0x1, 0x10, 0x90, 0x90, 0x90, 0x0, 0xff, 0xff, 0x3, 0x3, 0x1
 441          };
 442          
 443          const unsigned char code CACTUS_3[] = {
 444              0xf0, 0xe0, 0x0, 0xff, 0xfe, 0x80, 0xfc, 0x0, 0xfc, 0xfe, 0x0, 0xff, 0xff, 0x0, 0xf8, 0xf0,
 445              0x0, 0xfe, 0x80, 0xfe, 0xff, 0xfe, 0x78, 0xfc, 0x13, 0x17, 0x6, 0xff, 0xff, 0x1, 0x10, 0x10,
 446              0x13, 0x37, 0x4, 0xff, 0xff, 0x8, 0xf, 0x17, 0x10, 0x10, 0x1, 0xff, 0xff, 0x3, 0x13, 0x11
 447          };
 448          
C51 COMPILER V9.60.7.0   OLED_DATA                                                         12/06/2024 10:38:26 PAGE 9   

 449          const unsigned char code CACTUS_4[] = {
 450              0xf0, 0xe0, 0x0, 0xff, 0xfe, 0x0, 0xf0, 0x0, 0xc0, 0x0, 0xff, 0xfe, 0x60, 0x3c, 0x80, 0x0,
 451              0x0, 0x7c, 0xc0, 0xfe, 0xff, 0x0, 0xf0, 0xf8, 0x43, 0x47, 0x86, 0xff, 0xff, 0x26, 0xa3,
 452              0xa0, 0x27, 0x4, 0xff, 0xff, 0x0, 0x8, 0xff, 0x88, 0x2f, 0x0, 0x0, 0xff, 0xff, 0x6, 0x23, 0x21
 453          };
 454          
 455          const unsigned char code RESTART[] = {
 456              0xfc, 0xff, 0xff, 0xff, 0xff, 0xff, 0x3f, 0x3f, 0x3f, 0x3f, 0xf, 0x1f, 0x3f, 0xff, 0xff, 0xff, 0x3f, 0
             -x3f, 0xff, 0xff, 0xff, 0xff, 0xff, 0xfc,
 457              0xff, 0xff, 0xff, 0xff, 0xff, 0x0, 0x0, 0x7e, 0x7e, 0x7e, 0x78, 0x7c, 0x7e, 0x7f, 0x7f, 0x7f, 0x7e, 0x
             -0, 0x0, 0xff, 0xff, 0xff, 0xff, 0xff,
 458              0x3f, 0xff, 0xff, 0xff, 0xff, 0xff, 0xfc, 0xfc, 0xfc, 0xfc, 0xfc, 0xfc, 0xfc, 0xfc, 0xfc, 0xfc, 0xfc, 
             -0xfc, 0xff, 0xff, 0xff, 0xff, 0xff, 0x3f,
 459          };
 460          const unsigned char code COVER[] = {
 461              0x0, 0x0, 0x0, 0x0, 0x0, 0x0, 0x0, 0x0, 0xe0, 0xf0, 0x30, 0x30, 0x30, 0x30, 0x0, 0x0, 0xf0, 0xf0, 0xc0
             -, 0xc0, 0xf0, 0xf0, 0x0, 0x0, 0xf0, 0xf0, 0xb0, 0xb0, 0x70, 0x60, 0x0, 0x0, 0xe0, 0xf0, 0x30, 0x30, 0xf0, 0xe0, 0x0, 0x0
             -, 0xf0, 0xf0, 0x30, 0xf0, 0xf0, 0x30, 0xf0, 0xe0, 0x0, 0xe0, 0xe0, 0x90, 0x90, 0x90, 0x90, 0x90, 0x0, 0x0, 0x0, 0x0, 0x0
             -, 0x0, 0x0, 0x0, 0x0, 0x0, 0x0, 0x0, 0x0, 0x0, 0x0, 0x0, 0x0, 0x0, 0x0, 0x0, 0x0, 0x0, 0x0, 0x0, 0x80, 0x80, 0x0, 0x0, 0
             -x0, 0x0, 0x0, 0x0, 0x0, 0x0, 0x0, 0x0, 0x0, 0x0, 0x0, 0x0, 0x0, 0x0, 0x0, 0x0, 0x0, 0x0, 0x0, 0x0, 0x0, 0x0, 0x0, 0x0, 0
             -x0, 0x0, 0x0, 0x0, 0x0, 0x0, 0x0, 0x0, 0x0, 0x0, 0x0, 0x0, 0x0, 0x0, 0x0, 0x0, 0x0, 0x0, 0x0,
 462              0x0,
 463              0x0, 0x0, 0x0, 0x0, 0x0, 0x0, 0x0, 0x0, 0xf3, 0xf7, 0x36, 0x36, 0xf6, 0xe6, 0x0, 0xf0, 0xf7, 0x7, 0xc1
             -, 0xc1, 0x37, 0x37, 0xf0, 0xc0, 0x7, 0xc7, 0xe0, 0x30, 0x37, 0x37,
 464              0xe0, 0xc0, 0x3, 0x7, 0x6, 0xf6, 0xf7, 0xb3, 0xb0, 0xb0, 0xf7, 0xe7, 0x0, 0xf7, 0xf7, 0x0, 0x7, 0xf7, 
             -0xf0, 0x3, 0xe3, 0xf4, 0x34, 0x34, 0xf4, 0xe4, 0x0, 0x0, 0x0, 0x0,
 465              0x0, 0x0, 0x0, 0x0, 0x0, 0x0, 0x0, 0x0, 0x0, 0x0, 0x0, 0x10, 0x10, 0xc, 0x4, 0x14, 0x14, 0x12, 0x11, 0
             -x11, 0x11, 0x10, 0x11, 0x12, 0x12, 0x12, 0x14, 0x1c, 0x10, 0x0, 0x0, 0x0, 0x0, 0x0, 0x0, 0x0, 0x0, 0x0, 0x0, 0x0, 0x0, 0
             -x0, 0x0, 0x0, 0x0, 0x0, 0x0, 0x0, 0x0, 0x0, 0x0, 0x0, 0x0, 0x0, 0x0, 0x0, 0x0, 0x0, 0x0, 0x0, 0x0, 0x0, 0x0, 0x0, 0x0, 0
             -x0, 0x0, 0x0,
 466              0x0, 0x0, 0x0, 0x0, 0x0, 0x0, 0x0, 0x0, 0xf, 0xf, 0xc, 0xc, 0xf, 0x7, 0x0, 0xf, 0xf, 0x0, 0xf, 0xf, 0x
             -0, 0x0, 0xf, 0xf, 0x0, 0x3, 0x7, 0xc, 0xc, 0xc, 0x7, 0x3, 0x0, 0x0, 0x0, 0xf, 0xf, 0x1, 0x1, 0x1, 0xe, 0xe, 0x0, 0x7, 0x
             -f, 0xc, 0xc, 0x7, 0x7, 0x0, 0xf, 0xf, 0x0, 0x0, 0xf, 0xf, 0x0, 0x0, 0x0, 0x0, 0x0, 0x0, 0x0, 0x0, 0x0, 0x0, 0x0, 0x0, 0x
             -0, 0x0, 0x0, 0x0, 0x0, 0x0, 0x0, 0x0, 0x0, 0x0, 0x0, 0x0, 0x0, 0x0, 0x0, 0x0, 0x0, 0x0, 0x0, 0x0, 0x0, 0x0, 0x0, 0x0, 0x
             -0, 0x0, 0x0, 0x0, 0x0, 0x0, 0x0, 0x0, 0x0, 0x80, 0xc0, 0x60, 0xa0, 0xa0, 0xa0, 0x90, 0x88, 0x88, 0x8c, 0x88, 0x90, 0x90,
             - 0xb0, 0xa0, 0xc0, 0x80, 0x0, 0x0, 0x0, 0x0, 0x0, 0x0, 0x0, 0x0, 0x0, 0x0,
 467              0x0, 0x0, 0x0, 0x0, 0x0, 0x0, 0x0, 0x0, 0x0, 0x0, 0x0, 0x0, 0x0, 0x40, 0x40, 0x0, 0x40, 0x40, 0x40, 0x
             -40, 0x40, 0x40, 0x40, 0x40, 0x40, 0x0, 0x0, 0xf0, 0xfc, 0xfc, 0x9c, 0x9c, 0xfc, 0xfc, 0xfc, 0xfc, 0xfc, 0xfc, 0xfc, 0xfc
             -, 0xfc, 0xfc, 0xf0, 0xf0, 0x0, 0x0, 0x0, 0x0, 0x0, 0x0, 0x0, 0x0, 0x0, 0x0, 0x0, 0x0, 0x0, 0x0, 0x0, 0x0, 0x0, 0x0,
 468              0x0, 0x0, 0x0, 0x0, 0x0, 0x0, 0x0, 0x0, 0x0, 0x0, 0x0, 0x0, 0x0, 0x0, 0x0, 0x0, 0x0, 0x0, 0x0, 0x80, 0
             -x0, 0x0, 0x0, 0x0, 0x0, 0x0, 0x0, 0x0, 0x0, 0x0, 0x0, 0x0, 0x0, 0x0, 0x0, 0x0, 0x0, 0x0, 0x0, 0x0, 0x0, 0x0, 0x0, 0x0, 0
             -x0, 0x0, 0x0, 0x0, 0x0, 0x0, 0x80, 0x0, 0x0, 0x0, 0x0, 0x0, 0x0, 0x0, 0x0, 0x0, 0x0, 0x0, 0x0, 0x0, 0x0, 0x0,
 469              0x0, 0x0, 0x0, 0x0, 0x0, 0x0, 0x0, 0x0, 0x0, 0x80, 0x0, 0x0, 0x8, 0x0, 0x0, 0x8, 0x8, 0x8, 0x8, 0x8, 0
             -x8, 0x8, 0x8, 0x0, 0x0, 0x80, 0x80, 0xff, 0xff, 0xff, 0xff, 0xff, 0xff, 0x7f, 0x7f, 0x4f, 0x4f, 0x4f, 0x4f, 0x4f, 0x4f, 
             -0xf, 0xf, 0xf, 0x0, 0x0, 0x0, 0x0, 0x0, 0x0, 0x0, 0x0, 0x0, 0x0, 0x0, 0x0, 0x0, 0x0, 0x0, 0x0, 0x0, 0x0, 0x0, 0x0, 0x0, 
             -0x0, 0x0, 0x0, 0x0, 0x0, 0x0, 0x0, 0x0, 0x0, 0x0, 0x80, 0x80, 0x0, 0x0, 0x0, 0xff, 0xff, 0xff, 0xff, 0x0, 0x0, 0x80, 0x8
             -0, 0x0, 0x0, 0x0, 0x0, 0x0, 0xfe, 0xfe, 0xfe, 0x0, 0x0, 0xf0, 0xe0, 0x0, 0x0, 0x0, 0x0, 0x0, 0xf0, 0xf8, 0xf0, 0x0, 0x0,
             - 0xff, 0xff, 0xff, 0xff, 0x0, 0x0, 0x80, 0x80, 0x80, 0x0, 0x0, 0x0, 0x0, 0x0, 0x0, 0x0, 0x0, 0x0,
 470              0x0, 0x0, 0x0, 0x0, 0x0, 0x0, 0x0, 0x0, 0x0, 0xff, 0xf8, 0xf8, 0xe0, 0xe0, 0x80, 0x80, 0x80, 0xc0, 0xe
             -0, 0xf8, 0xf8, 0xf8, 0xfe, 0xfe, 0xfe, 0xff, 0xff, 0xff, 0xff, 0xff, 0xff, 0xff, 0xff, 0x18, 0x8, 0x38, 0x38, 0x0, 0x0, 
             -0x0, 0x0, 0x0, 0x0, 0x0, 0x0, 0x0, 0x0, 0x0, 0x0, 0x0, 0x0, 0x0, 0x0, 0x0, 0x0, 0x0, 0x0, 0x0, 0x0, 0x0, 0x0, 0x0, 0x0, 
             -0x0, 0x0, 0x0, 0x0, 0x0, 0x0, 0x0, 0x0, 0x0, 0x0, 0x0, 0x0, 0xff, 0xff, 0x1, 0x0, 0x0, 0xff, 0xff, 0xff, 0xff, 0x0, 0x0,
             - 0xff, 0xff, 0x0, 0xfc, 0xfe, 0x4, 0x0, 0xff, 0xff, 0xff, 0xc, 0xc, 0x8f, 0x83, 0x0, 0xf0, 0xf0, 0x0, 0x80, 0x9f, 0x3f, 
             -0x7f, 0x70, 0x70, 0xff, 0xff, 0xff, 0xff, 0x0, 0x0, 0x0, 0xff, 0xff, 0x0, 0x0, 0x0, 0x0, 0x0,
 471              0x0, 0x0, 0x0, 0x0,
 472              0x0, 0x0, 0x0, 0x0, 0x0, 0x0, 0x0, 0x0, 0x0, 0x3, 0x7, 0xf, 0x1f, 0x1f, 0x7f, 0x7f, 0xff, 0xff, 0xff, 
             -0xff, 0xff, 0xff, 0xff, 0xff, 0xff, 0xff, 0xff, 0xff, 0x7f, 0x7f, 0x1f, 0x17, 0x7, 0x0, 0x0, 0x0, 0x0, 0x0, 0x0, 0x0, 0x
             -0, 0x0, 0x0, 0x0, 0x0, 0x0, 0x0, 0x0, 0x0, 0x0, 0x0, 0x0, 0x0, 0x0, 0x0, 0x0, 0x0, 0x0, 0x0, 0x0, 0x0, 0x0, 0x0, 0x0, 0x
             -0, 0x0, 0x0, 0x0, 0x0, 0x0, 0x0, 0x0, 0x0, 0x0, 0x0, 0x1, 0x3, 0x7, 0x7, 0x7, 0xff, 0xff, 0xff, 0xff, 0x3, 0x3, 0x1, 0x0
             -, 0x0, 0x3, 0x7, 0xe, 0xc, 0xff, 0xff, 0xff,
 473              0x0, 0x0, 0x1f, 0x3f, 0x20, 0xff, 0xff, 0x20, 0x1f, 0xf, 0x0, 0x0, 0x0, 0x0, 0xff, 0xff, 0xff, 0xff, 0
             -x3, 0x3, 0x3, 0x1, 0x0, 0x0, 0x0, 0x0, 0x0, 0x0, 0x0, 0x0, 0x0, 0x0,
C51 COMPILER V9.60.7.0   OLED_DATA                                                         12/06/2024 10:38:26 PAGE 10  

 474              0x82, 0x82, 0x82, 0x2, 0x2, 0x22, 0x22, 0x22, 0x22, 0x2, 0x2, 0x2, 0x82, 0x82, 0x0, 0x0, 0x0, 0x1, 0xf
             -f, 0x9f, 0x9f, 0x7, 0x7, 0x1, 0x1, 0x7, 0x7, 0xff, 0x80, 0x80, 0x0, 0x0, 0x2, 0x2, 0x2, 0x2, 0xc2, 0x2, 0x2, 0x2, 0x2, 0
             -x2, 0x82, 0x82, 0x82, 0x82, 0x2, 0x2, 0x32, 0x32, 0x32, 0x22, 0x2, 0x2, 0x2, 0x2, 0x0, 0x0, 0x0, 0x0, 0x0, 0x0, 0x0, 0x0
             -, 0x0, 0x0, 0x0, 0x0, 0x0, 0x0, 0x0, 0x2, 0x42, 0x42, 0x2, 0x2, 0x2, 0x2, 0x2, 0x0, 0xf, 0xf, 0xf, 0xf, 0x0, 0x1, 0x1, 0
             -x1, 0x11, 0x11, 0x1, 0x1, 0x0, 0xf, 0xf, 0xf, 0x0, 0x1, 0x31, 0x11, 0x0, 0xf, 0xf, 0x0, 0xd, 0xd, 0x1, 0x11, 0x11, 0x10,
             - 0x1f, 0x1f, 0x1f, 0x1f, 0x10, 0x0, 0xd, 0x1, 0x1, 0x1, 0x1, 0x1, 0x1, 0xd, 0xd, 0x1, 0x0, 0x0,
 475          };
 476          
 477          const unsigned char code COVER2[] = {
 478              0x00, 0x00, 0x00, 0x00, 0x00, 0x00, 0x00, 0x00, 0x00, 0x00, 0x00, 0x00, 0x00, 0x00, 0x00, 0x00, 0x00, 
             -0x00, 0x00, 0x00, 0x00, 0x00, 0x00, 0x80,
 479              0x80, 0x80, 0x80, 0x80, 0x80, 0x80, 0x80, 0x80, 0x80, 0x80, 0x80, 0x80, 0x80, 0x80, 0x80, 0x80, 0x80, 
             -0x80, 0x80, 0x80, 0x80, 0x80, 0x80, 0x80,
 480              0x80, 0x80, 0x80, 0x80, 0x80, 0x80, 0x80, 0x80, 0x80, 0x80, 0x80, 0x80, 0x80, 0x80, 0x80, 0x80, 0x80, 
             -0x80, 0x80, 0x80, 0x80, 0x80, 0x80, 0x80,
 481              0x80, 0x80, 0x80, 0x80, 0x80, 0x80, 0x80, 0x80, 0x80, 0x80, 0x80, 0x80, 0x80, 0x80, 0x80, 0x80, 0x80, 
             -0x80, 0x80, 0x80, 0x80, 0x80, 0x80, 0x80,
 482              0x80, 0x80, 0x80, 0x80, 0x80, 0x80, 0x80, 0x80, 0x80, 0x80, 0x80, 0x80, 0x00, 0x00, 0x00, 0x00, 0x00, 
             -0x00, 0x00, 0x00, 0x00, 0x00, 0x00, 0x00,
 483              0x00, 0x00, 0x00, 0x00, 0x00, 0x00, 0x00, 0x00, 0x00, 0x00, 0x00, 0x00, 0x00, 0x00, 0x00, 0x00, 0x00, 
             -0x00, 0x00, 0x00, 0x00, 0x00, 0xc0, 0xf0,
 484              0x78, 0x1c, 0x06, 0x07, 0x03, 0x03, 0x01, 0x01, 0x01, 0x01, 0x01, 0x01, 0x01, 0x01, 0x01, 0x01, 0x01, 
             -0x01, 0x01, 0x01, 0x01, 0x01, 0x01, 0x01,
 485              0x01, 0x01, 0x01, 0x01, 0x01, 0x01, 0x01, 0x01, 0x01, 0x01, 0x01, 0x01, 0x01, 0x01, 0x01, 0x01, 0x01, 
             -0x01, 0x01, 0x01, 0x01, 0xff, 0x3f, 0x0f,
 486              0x01, 0x09, 0x01, 0x01, 0x01, 0x01, 0x01, 0x01, 0x81, 0x01, 0x01, 0x01, 0x01, 0x01, 0x01, 0x01, 0x07, 
             -0x3f, 0xff, 0xff, 0xff, 0xff, 0xff, 0xff,
 487              0x01, 0x01, 0x01, 0x01, 0x01, 0x01, 0x01, 0x01, 0x01, 0x01, 0x01, 0x01, 0x01, 0x01, 0x01, 0x01, 0x01, 
             -0x01, 0x01, 0x01, 0x01, 0x01, 0x03, 0x03,
 488              0x06, 0x06, 0x1c, 0x38, 0xf0, 0xe0, 0x00, 0x00, 0x00, 0x00, 0x00, 0x00, 0x00, 0x00, 0x00, 0x00, 0xe0, 
             -0xe0, 0x60, 0x20, 0x20, 0x20, 0x20, 0x20,
 489              0x20, 0x20, 0x20, 0x20, 0x20, 0x20, 0x23, 0x3f, 0x3e, 0x30, 0x20, 0x00, 0x00, 0x00, 0x00, 0x00, 0x00, 
             -0x00, 0x00, 0x00, 0x00, 0x00, 0x00, 0x00,
 490              0x04, 0x0c, 0x7c, 0xfc, 0xfc, 0xfc, 0xfc, 0x00, 0x00, 0x00, 0x00, 0x00, 0x00, 0x00, 0x00, 0x00, 0x00, 
             -0x00, 0xfc, 0xfc, 0xfc, 0xfc, 0xfc, 0xfc,
 491              0xfc, 0xfc, 0xfc, 0x7c, 0x1c, 0x03, 0x08, 0x00, 0x00, 0x00, 0x00, 0x00, 0x00, 0x00, 0x00, 0x20, 0x38, 
             -0x22, 0x00, 0x00, 0x00, 0x00, 0x00, 0x00,
 492              0x00, 0x00, 0x00, 0x0f, 0x3f, 0xff, 0xff, 0xff, 0xf0, 0x00, 0x00, 0x00, 0x00, 0x00, 0x00, 0x00, 0x00, 
             -0x00, 0x00, 0x00, 0x02, 0x02, 0x02, 0x02,
 493              0x02, 0x00, 0x00, 0x00, 0x00, 0x00, 0x00, 0x00, 0x00, 0x00, 0x60, 0x78, 0x7f, 0x7f, 0x60, 0x60, 0x60, 
             -0x60, 0x60, 0x60, 0x60, 0xe0, 0xe0, 0xe0,
 494              0xff, 0xff, 0x00, 0x00, 0x00, 0x00, 0x00, 0x00, 0x00, 0x00, 0x00, 0x00, 0x00, 0x00, 0x00, 0x00, 0x00, 
             -0x00, 0x00, 0x00, 0x00, 0x00, 0x00, 0x00,
 495              0x00, 0x00, 0x00, 0x00, 0x00, 0x80, 0x80, 0xc0, 0xc0, 0xe1, 0xfc, 0xff, 0xff, 0xff, 0xff, 0x00, 0x00, 
             -0x00, 0x00, 0x00, 0x00, 0x00, 0x00, 0x00,
 496              0x40, 0x00, 0xff, 0xff, 0xff, 0xff, 0xff, 0xff, 0xff, 0x1f, 0x07, 0x08, 0x02, 0x00, 0x00, 0x00, 0x00, 
             -0x00, 0x00, 0x00, 0x80, 0xe0, 0xe0, 0xe0,
 497              0xe0, 0xe0, 0xe0, 0xe0, 0x00, 0x00, 0x00, 0x00, 0x00, 0x00, 0x00, 0x00, 0x08, 0x03, 0x0f, 0x7f, 0xff, 
             -0x00, 0x00, 0x00, 0x00, 0x00, 0x00, 0x00,
 498              0x00, 0x00, 0x00, 0x00, 0xf0, 0xf0, 0xe0, 0xc0, 0x80, 0x80, 0x00, 0x00, 0x00, 0x00, 0x00, 0x00, 0x00, 
             -0x00, 0x00, 0x00, 0x00, 0x00, 0x00, 0x00,
 499              0x00, 0x00, 0x00, 0x00, 0x00, 0xff, 0xff, 0xff, 0x03, 0x1f, 0xff, 0xe3, 0x03, 0x2b, 0x0b, 0x0b, 0x0b, 
             -0x0b, 0x0b, 0x0b, 0x0b, 0x0b, 0x03, 0x0f,
 500              0x3f, 0x07, 0x13, 0x0b, 0x0b, 0x0b, 0x0b, 0x0b, 0x0b, 0x0b, 0x0b, 0x0b, 0x03, 0x1f, 0x3f, 0x07, 0x13, 
             -0x0b, 0x0b, 0x0b, 0x0b, 0x0b, 0x0b, 0x0b,
 501              0x2b, 0x8b, 0xf3, 0xff, 0x7f, 0x87, 0x23, 0x0b, 0x0b, 0x0b, 0x0b, 0x0b, 0x0b, 0x0b, 0x0b, 0x0b, 0x0b, 
             -0x0b, 0x0b, 0x0b, 0x0b, 0x23, 0x1f, 0xff,
 502              0xff, 0xff, 0xff, 0xff, 0xff, 0xff, 0x03, 0x03, 0x0b, 0x0b, 0x0b, 0x0b, 0x0b, 0x0b, 0x0b, 0x0b, 0x0b, 
             -0x0b, 0x0b, 0x0b, 0x0b, 0x0b, 0x0b, 0x0b,
 503              0x0b, 0x0b, 0x03, 0x07, 0x07, 0x07, 0x0f, 0x9f, 0x3f, 0xff, 0xff, 0xff, 0x3f, 0x1f, 0x2f, 0x17, 0x07, 
             -0x03, 0x0b, 0x0b, 0x0b, 0x0b, 0x0b, 0x0b,
 504              0x0b, 0x0b, 0x0b, 0x0b, 0x0b, 0x0b, 0x0b, 0x0b, 0x0b, 0x0b, 0x0b, 0x0b, 0x03, 0xff, 0xff, 0xff, 0x00, 
C51 COMPILER V9.60.7.0   OLED_DATA                                                         12/06/2024 10:38:26 PAGE 11  

             -0x00, 0x00, 0x07, 0x3f, 0xfc, 0xe0, 0x08,
 505              0x20, 0x00, 0x00, 0x00, 0x00, 0x00, 0x00, 0x00, 0x04, 0x00, 0x00, 0x00, 0x00, 0x00, 0x00, 0x00, 0x00, 
             -0x00, 0x00, 0x00, 0x00, 0x00, 0x04, 0x00,
 506              0x00, 0x00, 0x00, 0x00, 0x00, 0x00, 0x88, 0xf2, 0xfc, 0x7f, 0x9f, 0x21, 0x00, 0x00, 0x00, 0x00, 0x00, 
             -0x00, 0x00, 0x00, 0x30, 0x78, 0x72, 0x20,
 507              0x80, 0x00, 0x00, 0x00, 0x00, 0x00, 0x02, 0x09, 0x27, 0x1f, 0xff, 0xff, 0xff, 0xff, 0x00, 0x00, 0x00, 
             -0x00, 0x00, 0x00, 0x00, 0x00, 0x00, 0x00,
 508              0x00, 0x00, 0x06, 0x06, 0x06, 0x06, 0x06, 0x08, 0x00, 0x00, 0x00, 0x00, 0x00, 0x00, 0x00, 0xc0, 0xe0, 
             -0xff, 0xff, 0xff, 0xf0, 0xc0, 0x00, 0x00,
 509              0x00, 0x00, 0x00, 0x00, 0x00, 0x00, 0x00, 0x00, 0x00, 0x00, 0x00, 0x18, 0x38, 0xf8, 0xf8, 0x98, 0x18, 
             -0x18, 0x18, 0x18, 0x18, 0x1f, 0x1f, 0x0f,
 510              0x00, 0x00, 0x00, 0x00, 0x00, 0x00, 0x07, 0x3f, 0xfc, 0xf0, 0x98, 0x00, 0x00, 0x00, 0x00, 0x00, 0x00, 
             -0x00, 0x00, 0x00, 0x00, 0x88, 0xf2, 0xf1,
 511              0x8c, 0x00, 0x00, 0x00, 0x00, 0x00, 0x00, 0x00, 0x00, 0x00, 0x00, 0x18, 0xe0, 0xfc, 0xff, 0x3f, 0x63, 
             -0x10, 0x00, 0x00, 0x00, 0x00, 0x00, 0x00,
 512              0x00, 0x00, 0xc0, 0xc0, 0xc0, 0xc0, 0xc0, 0xc0, 0xc0, 0x80, 0x40, 0x00, 0x00, 0x00, 0x00, 0x00, 0x00, 
             -0x02, 0x19, 0x0f, 0x7f, 0xff, 0x00, 0x00,
 513              0x00, 0x00, 0x00, 0x00, 0x00, 0x00, 0x00, 0x00, 0x00, 0x00, 0xe0, 0xe0, 0xc0, 0x80, 0x00, 0x00, 0x00, 
             -0x00, 0x00, 0x00, 0x01, 0x01, 0x01, 0x01,
 514              0x01, 0x01, 0x01, 0x01, 0x01, 0x01, 0x01, 0x01, 0x01, 0x01, 0x00, 0x00, 0x00, 0x00, 0x00, 0x00, 0x00, 
             -0x00, 0x80, 0xc0, 0xe0, 0xf8, 0x7f, 0x1f,
 515              0x00, 0x00, 0x00, 0x00, 0x00, 0x00, 0x00, 0x00, 0x00, 0x00, 0x00, 0x00, 0x00, 0x00, 0x00, 0x00, 0x01, 
             -0x07, 0x07, 0x06, 0x06, 0x06, 0x06, 0x06,
 516              0x06, 0x06, 0x06, 0x06, 0x06, 0x07, 0x07, 0x07, 0x07, 0x06, 0x06, 0x06, 0x06, 0x06, 0x06, 0x06, 0x06, 
             -0x06, 0x06, 0x07, 0x07, 0x07, 0x06, 0x06,
 517              0x06, 0x06, 0x06, 0x06, 0x06, 0x06, 0x06, 0x06, 0x06, 0x07, 0x07, 0x07, 0x07, 0x07, 0x07, 0x07, 0x07, 
             -0x07, 0x06, 0x06, 0x06, 0x06, 0x06, 0x06,
 518              0x06, 0x06, 0x06, 0x06, 0x06, 0x07, 0x07, 0x06, 0x06, 0x06, 0x06, 0x06, 0x06, 0x06, 0x06, 0x06, 0x06, 
             -0x06, 0x07, 0x07, 0x07, 0x07, 0x07, 0x07,
 519              0x07, 0x07, 0x06, 0x06, 0x06, 0x06, 0x06, 0x06, 0x06, 0x06, 0x06, 0x06, 0x06, 0x06, 0x06, 0x06, 0x06, 
             -0x06, 0x06, 0x06, 0x06, 0x06, 0x07, 0x07,
 520              0x03, 0x03, 0x03, 0x03, 0x01, 0x00, 0x00, 0x00, 0x00, 0x00, 0x00, 0x00, 0x00, 0x00, 0x00, 0x00,
 521          };
 522          
 523          const unsigned char code COVER3[] = {
 524              0x00, 0x00, 0x00, 0x00, 0x00, 0x00, 0x00, 0x00, 0x00, 0x00, 0x00, 0x00, 0x00, 0x00, 0x00, 0x00, 0x00, 
             -0x00, 0x00, 0x00, 0x00, 0x00, 0x00, 0x00,
 525              0x00, 0x00, 0x00, 0x00, 0x00, 0x00, 0x00, 0x00, 0x00, 0x00, 0x00, 0x00, 0x00, 0x00, 0x00, 0x00, 0x00, 
             -0x00, 0x00, 0x00, 0x00, 0x00, 0x00, 0x00,
 526              0x00, 0x00, 0x00, 0x00, 0x00, 0x00, 0x00, 0x00, 0x00, 0x00, 0x00, 0x00, 0x00, 0x00, 0x00, 0x00, 0x00, 
             -0x00, 0x00, 0x00, 0x00, 0x00, 0x00, 0x00,
 527              0x00, 0x00, 0x00, 0x00, 0x00, 0x00, 0x00, 0x00, 0x00, 0x00, 0x00, 0x00, 0x00, 0x00, 0x00, 0x00, 0x00, 
             -0x00, 0x00, 0x00, 0x00, 0x00, 0x00, 0x00,
 528              0x00, 0x00, 0x00, 0x00, 0x00, 0x00, 0x00, 0x00, 0x00, 0x00, 0x00, 0x00, 0x00, 0x00, 0x00, 0x00, 0x00, 
             -0x00, 0x00, 0x00, 0x00, 0x00, 0x00, 0x00,
 529              0x00, 0x00, 0x00, 0x00, 0x00, 0x00, 0x00, 0x00, 0x00, 0x00, 0x00, 0x00, 0x00, 0x00, 0x00, 0x00, 0xe0, 
             -0x00, 0x00, 0x00, 0xe0, 0xe0, 0x00, 0xe0,
 530              0x00, 0x00, 0x00, 0xe0, 0x00, 0x00, 0xe0, 0x20, 0x20, 0x20, 0xe0, 0x00, 0x00, 0xe0, 0x20, 0x20, 0x20, 
             -0x20, 0x00, 0xe0, 0x60, 0x20, 0x20, 0xe0,
 531              0xe0, 0x00, 0xe0, 0x00, 0x00, 0x00, 0xe0, 0x00, 0x00, 0x00, 0x00, 0xe0, 0xe0, 0x20, 0x20, 0x20, 0x20, 
             -0x00, 0xe0, 0x20, 0x20, 0x20, 0x20, 0xe0,
 532              0x00, 0xe0, 0x20, 0x20, 0x20, 0xe0, 0x00, 0x00, 0xe0, 0x00, 0x00, 0x00, 0xe0, 0x00, 0x00, 0xe0, 0x20, 
             -0x20, 0x20, 0x20, 0x00, 0x00, 0x00, 0x00,
 533              0x00, 0x00, 0x00, 0x00, 0x00, 0x00, 0x00, 0x00, 0x00, 0x00, 0x00, 0x00, 0x00, 0x00, 0x00, 0x00, 0x00, 
             -0x00, 0x00, 0x00, 0x00, 0x00, 0x00, 0x00,
 534              0x00, 0x00, 0x00, 0x00, 0x00, 0x00, 0x00, 0x00, 0x00, 0x00, 0x00, 0x00, 0x00, 0x00, 0x00, 0x00, 0x00, 
             -0x00, 0x00, 0x00, 0x00, 0x00, 0x00, 0x00,
 535              0x3f, 0x03, 0x02, 0x02, 0x3f, 0x3f, 0x00, 0x3f, 0x20, 0x20, 0x20, 0x3f, 0x00, 0x00, 0x3f, 0x00, 0x00, 
             -0x00, 0x3f, 0x00, 0x00, 0x3f, 0x20, 0x22,
 536              0x22, 0x3e, 0x00, 0x3f, 0x0f, 0x02, 0x02, 0x17, 0x3c, 0x00, 0x03, 0x02, 0x3e, 0x02, 0x03, 0x00, 0x00, 
             -0x00, 0x00, 0x23, 0x23, 0x22, 0x22, 0x22,
 537              0x3e, 0x00, 0x3f, 0x00, 0x00, 0x00, 0x19, 0x3f, 0x00, 0x3f, 0x03, 0x02, 0x02, 0x3f, 0x00, 0x00, 0x3f, 
C51 COMPILER V9.60.7.0   OLED_DATA                                                         12/06/2024 10:38:26 PAGE 12  

             -0x02, 0x02, 0x02, 0x3d, 0x00, 0x00, 0x3f,
 538              0x22, 0x22, 0x22, 0x22, 0x00, 0x00, 0x00, 0x00, 0x00, 0x00, 0x00, 0x00, 0x00, 0x00, 0x00, 0x00, 0x00, 
             -0x00, 0x00, 0x00, 0x00, 0x00, 0x00, 0x00,
 539              0x00, 0x00, 0x00, 0x00, 0x00, 0x00, 0x00, 0x00, 0x00, 0x00, 0x00, 0x00, 0x00, 0x00, 0x00, 0x00, 0x00, 
             -0x00, 0x00, 0x00, 0x00, 0x00, 0x00, 0x00,
 540              0x00, 0x00, 0x00, 0x00, 0x00, 0x00, 0x00, 0x00, 0x00, 0x00, 0x00, 0x00, 0x00, 0x00, 0x00, 0x00, 0x00, 
             -0x00, 0x00, 0x00, 0x00, 0x00, 0x00, 0x00,
 541              0x00, 0x00, 0x00, 0x00, 0x00, 0x00, 0x00, 0x00, 0x00, 0x00, 0x00, 0x00, 0x00, 0x00, 0x00, 0x00, 0x00, 
             -0x00, 0x00, 0x00, 0x00, 0x00, 0x00, 0x00,
 542              0x00, 0x00, 0x00, 0x00, 0x00, 0x00, 0x00, 0x00, 0x00, 0x00, 0x00, 0x00, 0x00, 0x00, 0x00, 0x00, 0x00, 
             -0x00, 0x00, 0x00, 0x00, 0x00, 0x00, 0x00,
 543              0x00, 0x00, 0x00, 0x00, 0x00, 0x00, 0x00, 0x00, 0x00, 0x00, 0x00, 0x00, 0x00, 0x00, 0x00, 0x00, 0x00, 
             -0x00, 0xc0, 0xf0, 0xf0, 0xf0, 0xf0, 0xc0,
 544              0xc0, 0xf0, 0xf0, 0xf0, 0xf0, 0xe0, 0xc0, 0xc0, 0xf0, 0xf0, 0xf0, 0xf0, 0xc0, 0xc0, 0xf0, 0xf0, 0xf0, 
             -0xf0, 0xc0, 0x00, 0x00, 0x00, 0x00, 0x00,
 545              0x00, 0x00, 0x00, 0x00, 0x00, 0x00, 0x00, 0x00, 0x00, 0x00, 0x00, 0x00, 0x00, 0x00, 0x00, 0x00, 0x00, 
             -0x00, 0x00, 0x00, 0x00, 0x00, 0x00, 0x00,
 546              0x00, 0x00, 0x00, 0x00, 0x00, 0x00, 0x00, 0x00, 0x00, 0x00, 0x00, 0x00, 0x00, 0x00, 0x00, 0x00, 0x00, 
             -0x00, 0x00, 0x00, 0x00, 0x00, 0x00, 0x00,
 547              0x00, 0x00, 0x00, 0x00, 0x00, 0x00, 0x00, 0x00, 0x00, 0x00, 0x00, 0x00, 0x00, 0x00, 0x00, 0x00, 0x00, 
             -0x00, 0x00, 0x00, 0x00, 0x00, 0x00, 0x00,
 548              0x00, 0x00, 0x00, 0x00, 0x00, 0x00, 0x00, 0x00, 0x00, 0x00, 0x00, 0x00, 0x00, 0x00, 0x00, 0x00, 0x00, 
             -0x00, 0x00, 0x00, 0x00, 0x00, 0x00, 0x00,
 549              0x00, 0x00, 0xc7, 0xff, 0xff, 0xff, 0xff, 0xc7, 0x07, 0x0f, 0x1f, 0x1f, 0x1f, 0x07, 0x07, 0x07, 0x1f, 
             -0x1f, 0x1f, 0x1f, 0x07, 0xc7, 0xff, 0xff,
 550              0xff, 0xff, 0xc7, 0xc0, 0xe0, 0xe0, 0xe0, 0xe0, 0xe0, 0xc0, 0x00, 0x00, 0x00, 0x00, 0x00, 0x00, 0x00, 
             -0x00, 0x00, 0x00, 0x00, 0x00, 0x00, 0x00,
 551              0x00, 0x00, 0x00, 0x00, 0x00, 0x00, 0x00, 0x00, 0x00, 0x00, 0x00, 0x00, 0x00, 0x00, 0x00, 0x00, 0x00, 
             -0x00, 0x00, 0x00, 0x00, 0x00, 0x00, 0x00,
 552              0x00, 0x00, 0x00, 0x00, 0x00, 0x00, 0x00, 0x00, 0x00, 0x00, 0x00, 0x00, 0x00, 0x00, 0x00, 0x00, 0x80, 
             -0x00, 0x00, 0x00, 0x00, 0x00, 0x00, 0x00,
 553              0x00, 0x00, 0x80, 0xe0, 0xe0, 0xe0, 0xe0, 0xc0, 0xc0, 0xe0, 0xe0, 0xe0, 0xe0, 0xe0, 0xc0, 0xc0, 0xe0, 
             -0xe0, 0xe0, 0xe0, 0xc0, 0xc0, 0xe0, 0xe0,
 554              0xe0, 0xe0, 0xc0, 0xc0, 0xc0, 0xe0, 0xe0, 0xe0, 0xe0, 0xc0, 0xc7, 0xff, 0xff, 0xff, 0xff, 0xc7, 0x00, 
             -0x00, 0x00, 0x00, 0x00, 0x00, 0x00, 0x00,
 555              0x00, 0x00, 0x00, 0x00, 0x00, 0x07, 0x1f, 0x1f, 0x1f, 0x1f, 0x07, 0x07, 0x0f, 0x1f, 0x1f, 0x1f, 0x1f, 
             -0x07, 0x00, 0x00, 0x00, 0x00, 0x00, 0x00,
 556              0x00, 0x00, 0x00, 0x00, 0x00, 0x00, 0x00, 0x00, 0x00, 0x00, 0x00, 0x00, 0x00, 0x00, 0x00, 0x00, 0x00, 
             -0x00, 0x00, 0x00, 0x00, 0x00, 0x00, 0x00,
 557              0x00, 0x00, 0x00, 0x00, 0x00, 0x00, 0x00, 0x00, 0x00, 0x00, 0x00, 0x00, 0x00, 0x00, 0x00, 0x00, 0x00, 
             -0x00, 0x00, 0x00, 0x00, 0x00, 0x00, 0x02,
 558              0x0f, 0x07, 0x02, 0x00, 0x00, 0x00, 0x00, 0x00, 0x00, 0x00, 0x0f, 0x1f, 0x1f, 0x1f, 0x1f, 0x0f, 0x0f, 
             -0x0f, 0x1f, 0x1f, 0x1f, 0x1f, 0x0f, 0x0f,
 559              0x1f, 0x1f, 0x1f, 0x1f, 0x0f, 0x0f, 0x1f, 0x1f, 0x1f, 0x1f, 0x0f, 0x0f, 0x0f, 0x1f, 0x1f, 0x1f, 0x1f, 
             -0x0f, 0x0f, 0x1f, 0x1f, 0x1f, 0x1f, 0x0f,
 560              0x00, 0x00, 0x00, 0x00, 0x00, 0x00, 0x00, 0x00, 0x00, 0x00, 0x00, 0x00, 0x00, 0x00, 0x00, 0x00, 0x00, 
             -0x00, 0x00, 0x00, 0x00, 0x00, 0x00, 0x00,
 561              0x00, 0x00, 0x00, 0x00, 0x00, 0x00, 0x00, 0x00, 0x00, 0x00, 0x00, 0x00, 0x00, 0x00, 0x00, 0x00, 0x00, 
             -0x00, 0x00, 0x00, 0x00, 0x00, 0x00, 0x00,
 562              0x00, 0x00, 0x00, 0x00, 0x00, 0x00, 0x00, 0x00, 0x00, 0x00, 0x00, 0x00, 0x00, 0x00, 0x00, 0x00, 0x00, 
             -0x00, 0x00, 0x00, 0x00, 0x00, 0x00, 0x00,
 563              0x00, 0x00, 0x00, 0x00, 0x00, 0x00, 0x00, 0x00, 0x00, 0x00, 0x00, 0x00, 0x00, 0x00, 0x00, 0x00, 0x00, 
             -0x00, 0x00, 0x00, 0x00, 0x00, 0x00, 0x00,
 564              0x00, 0x00, 0x00, 0x00, 0x00, 0x00, 0x00, 0x00, 0x00, 0x00, 0x00, 0x00, 0x00, 0x00, 0x00, 0x00, 0x00, 
             -0x00, 0x00, 0x00, 0x00, 0x00, 0x00, 0x00,
 565              0x00, 0x00, 0x00, 0x00, 0x00, 0x00, 0x00, 0x00, 0x00, 0x00, 0x00, 0x00, 0x00, 0x00, 0x00, 0x00, 0x00, 
             -0x00, 0x00, 0x00, 0x00, 0x00, 0x00, 0x00,
 566              0x00, 0x00, 0x00, 0x00, 0x00, 0x00, 0x00, 0x00, 0x00, 0x00, 0x00, 0x00, 0x00, 0x00, 0x00, 0x00,
 567          };
 568          
 569          
 570          const unsigned char code COVER_PLAY_HANDLE[] = {
C51 COMPILER V9.60.7.0   OLED_DATA                                                         12/06/2024 10:38:26 PAGE 13  

 571              0x00, 0x00, 0x00, 0x00, 0x00, 0x00, 0x00, 0x00, 0x00, 0x00, 0x00, 0x00, 0x00, 0x00, 0x00, 0x00, 0x00, 
             -0x00, 0x00, 0x00, 0x00, 0x00, 0x00, 0x00,
 572              0x00, 0x00, 0x00, 0x00, 0x00, 0x00, 0x00, 0x00, 0x00, 0x00, 0x00, 0x00, 0x00, 0x00, 0x00, 0x00, 0x00, 
             -0x00, 0x00, 0x00, 0x00, 0x00, 0x00, 0x00,
 573              0x00, 0x00, 0x00, 0x00, 0x00, 0x00, 0x00, 0x00, 0x00, 0x00, 0x00, 0x00, 0x00, 0x00, 0x00, 0x00, 0x00, 
             -0x00, 0x00, 0x00, 0x00, 0x00, 0x00, 0x00,
 574              0x00, 0x00, 0x00, 0x00, 0x00, 0x00, 0x00, 0x00, 0x00, 0x00, 0x00, 0x00, 0x00, 0x00, 0x00, 0x00, 0x00, 
             -0x00, 0x00, 0x00, 0x00, 0x00, 0x00, 0x00,
 575              0x00, 0x00, 0x00, 0x00, 0x00, 0x00, 0x00, 0x00, 0x00, 0x00, 0x00, 0x00, 0x00, 0x00, 0x00, 0x00, 0x00, 
             -0x00, 0x00, 0x00, 0x00, 0x00, 0x00, 0x00,
 576              0x00, 0x00, 0x00, 0x00, 0x00, 0x00, 0x00, 0x00, 0x00, 0x00, 0x00, 0x00, 0x00, 0x00, 0x00, 0x00, 0x00, 
             -0x00, 0x00, 0x00, 0x10, 0x30, 0x60, 0xe0,
 577              0x80, 0x80, 0x80, 0x98, 0xb0, 0xe0, 0x80, 0x80, 0x80, 0x00, 0x80, 0xf0, 0xf8, 0x88, 0x80, 0x80, 0x80, 
             -0x80, 0x80, 0x00, 0x00, 0x00, 0x00, 0x40,
 578              0x40, 0x40, 0x40, 0x40, 0x40, 0x40, 0x40, 0x40, 0xc0, 0x00, 0x00, 0x00, 0x00, 0xfc, 0x0c, 0x00, 0x20, 
             -0x70, 0xe0, 0xc0, 0x80, 0x00, 0x00, 0x00,
 579              0x00, 0x00, 0x00, 0x00, 0x00, 0x30, 0x30, 0x30, 0x30, 0x30, 0x30, 0x30, 0x30, 0x30, 0xf0, 0x30, 0x10, 
             -0x10, 0x18, 0x18, 0x18, 0x08, 0x18, 0x00,
 580              0x00, 0x00, 0x00, 0x00, 0x00, 0x00, 0x00, 0x00, 0x00, 0x00, 0xfc, 0x0c, 0x00, 0x00, 0x00, 0x30, 0x10, 
             -0x10, 0x10, 0x10, 0x10, 0x30, 0xf0, 0x30,
 581              0x10, 0x10, 0x10, 0x10, 0x10, 0x30, 0x00, 0x00, 0x00, 0x00, 0x00, 0x00, 0x00, 0x00, 0x00, 0x00, 0x00, 
             -0x00, 0x00, 0x00, 0x00, 0x00, 0x00, 0x00,
 582              0x00, 0x00, 0x00, 0x04, 0x0c, 0x18, 0x90, 0x00, 0x00, 0x01, 0x01, 0xff, 0x31, 0x31, 0x31, 0xf1, 0xfd, 
             -0x0e, 0x0b, 0x08, 0x08, 0x88, 0xc8, 0x78,
 583              0x38, 0x08, 0x00, 0x00, 0x00, 0x00, 0x00, 0x00, 0x00, 0x18, 0x38, 0xe0, 0xc0, 0x80, 0xe0, 0x3f, 0x07, 
             -0x08, 0x08, 0x08, 0x0c, 0x7f, 0xfc, 0x04,
 584              0x04, 0x04, 0xc4, 0xe5, 0x46, 0x06, 0x04, 0x00, 0x00, 0x00, 0x80, 0x80, 0x80, 0x86, 0x86, 0x86, 0x86, 
             -0x86, 0x86, 0x86, 0x86, 0x86, 0xff, 0x86,
 585              0x86, 0x86, 0x86, 0x86, 0x86, 0x86, 0x86, 0x80, 0x80, 0x80, 0x00, 0x00, 0x00, 0x00, 0x03, 0x83, 0xe3, 
             -0x3f, 0xff, 0x7b, 0x33, 0x63, 0xc3, 0x00,
 586              0xfc, 0x0c, 0x04, 0x04, 0x84, 0xfc, 0xff, 0x84, 0x04, 0x04, 0x04, 0x0c, 0xfc, 0x00, 0x00, 0x00, 0x00, 
             -0x00, 0x00, 0x00, 0x00, 0x00, 0x00, 0x00,
 587              0x00, 0x00, 0x00, 0x00, 0x00, 0x00, 0x00, 0x00, 0x00, 0x00, 0x00, 0x80, 0xe0, 0x7c, 0x0f, 0x01, 0xc0, 
             -0xf0, 0x3f, 0x07, 0x00, 0x00, 0xc0, 0xff,
 588              0x01, 0x02, 0x02, 0x02, 0x02, 0xff, 0xff, 0x02, 0x02, 0x02, 0x02, 0x00, 0x00, 0x00, 0x80, 0x80, 0xc0, 
             -0x60, 0x30, 0x18, 0x0f, 0x07, 0x0f, 0x38,
 589              0x30, 0x00, 0x80, 0x80, 0xc0, 0x60, 0x3f, 0x3f, 0x7e, 0xc7, 0x81, 0x00, 0x00, 0xc0, 0x80, 0x00, 0x00, 
             -0x00, 0x00, 0x00, 0x00, 0x00, 0x00, 0x00,
 590              0x00, 0x00, 0x00, 0x00, 0x00, 0x00, 0xff, 0x00, 0x00, 0x00, 0x00, 0x00, 0x00, 0x00, 0x00, 0x00, 0x00, 
             -0x00, 0x00, 0x00, 0x00, 0x04, 0x07, 0x03,
 591              0x00, 0x00, 0xff, 0x00, 0x00, 0x00, 0x00, 0x00, 0xff, 0x08, 0x08, 0x0e, 0x07, 0x01, 0x00, 0x01, 0x03, 
             -0x06, 0x04, 0x80, 0xff, 0x00, 0x00, 0x00,
 592              0x00, 0x00, 0x00, 0x00, 0x00, 0x00, 0x00, 0x00, 0x00, 0x00, 0x00, 0x00, 0x00, 0x00, 0x00, 0x00, 0x00, 
             -0x00, 0x00, 0x01, 0x01, 0x00, 0x00, 0x03,
 593              0x03, 0x00, 0x00, 0x00, 0x01, 0x01, 0x01, 0x00, 0x00, 0x00, 0x00, 0x02, 0x02, 0x03, 0x01, 0x00, 0x00, 
             -0x00, 0x00, 0x00, 0x00, 0x00, 0x00, 0x00,
 594              0x00, 0x00, 0x00, 0x00, 0x00, 0x00, 0x00, 0x00, 0x03, 0x03, 0x01, 0x00, 0x00, 0x00, 0x00, 0x00, 0x00, 
             -0x01, 0x03, 0x03, 0x03, 0x03, 0x01, 0x00,
 595              0x00, 0x00, 0x00, 0x00, 0x00, 0x00, 0x00, 0x00, 0x00, 0x00, 0x01, 0x03, 0x03, 0x03, 0x03, 0x00, 0x00, 
             -0x00, 0x00, 0x00, 0x00, 0x00, 0x00, 0x00,
 596              0x00, 0x00, 0x00, 0x00, 0x00, 0x00, 0x00, 0x00, 0x00, 0x00, 0x03, 0x02, 0x00, 0x00, 0x00, 0x00, 0x03, 
             -0x02, 0x00, 0x00, 0x00, 0x00, 0x00, 0x00,
 597              0x01, 0x03, 0x03, 0x01, 0x01, 0x00, 0x00, 0x00, 0x00, 0x00, 0x00, 0x00, 0x00, 0x00, 0x00, 0x00, 0x00, 
             -0x00, 0x00, 0x00, 0x00, 0x00, 0x00, 0x00,
 598              0x00, 0x00, 0x00, 0x00, 0x00, 0x00, 0x00, 0x00, 0x00, 0x00, 0x00, 0x00, 0x00, 0x00, 0x00, 0x00, 0x00, 
             -0x00, 0x00, 0x00, 0x00, 0x00, 0x00, 0xff,
 599              0xff, 0x0f, 0x78, 0xe0, 0x80, 0x00, 0x00, 0x00, 0x00, 0x00, 0x00, 0x00, 0x80, 0xe0, 0x78, 0x0f, 0xff, 
             -0xff, 0x00, 0x00, 0x00, 0x00, 0x00, 0x00,
 600              0x00, 0x00, 0x00, 0x00, 0x01, 0x07, 0x1e, 0x38, 0x70, 0xc0, 0x00, 0x00, 0x00, 0xc0, 0x70, 0x38, 0x0e, 
             -0x07, 0x01, 0x00, 0x00, 0x00, 0x00, 0x00,
 601              0x00, 0x00, 0x00, 0x00, 0x00, 0x00, 0x00, 0x80, 0xe0, 0x7c, 0x0f, 0x07, 0x1e, 0xf8, 0xc0, 0x00, 0x00, 
             -0x00, 0x00, 0x00, 0x00, 0x00, 0x00, 0x00,
C51 COMPILER V9.60.7.0   OLED_DATA                                                         12/06/2024 10:38:26 PAGE 14  

 602              0x00, 0x00, 0x00, 0x00, 0x00, 0x00, 0x00, 0x00, 0x00, 0x00, 0x00, 0x00, 0x00, 0x00, 0x00, 0x00, 0x00, 
             -0x00, 0x00, 0x00, 0x00, 0x00, 0x00, 0x00,
 603              0x00, 0x00, 0x00, 0x00, 0x00, 0x00, 0x00, 0x00, 0x00, 0x00, 0x00, 0x00, 0x00, 0x00, 0x00, 0x00, 0x00, 
             -0x00, 0x00, 0x00, 0x00, 0x00, 0x00, 0x00,
 604              0x00, 0x00, 0x00, 0x00, 0x00, 0x00, 0x00, 0xff, 0xff, 0x00, 0x00, 0x01, 0x07, 0x1e, 0xf0, 0xc0, 0x00, 
             -0xc0, 0xf0, 0x3c, 0x07, 0x01, 0x00, 0x00,
 605              0xff, 0xff, 0x00, 0x00, 0x00, 0x00, 0x00, 0x00, 0x00, 0x00, 0x00, 0x00, 0x00, 0x00, 0x00, 0x00, 0x00, 
             -0x01, 0x07, 0xfe, 0x07, 0x01, 0x00, 0x00,
 606              0x00, 0x00, 0x00, 0x00, 0x00, 0x00, 0x00, 0x00, 0x00, 0x00, 0x00, 0x00, 0xc0, 0xf0, 0x3c, 0x1f, 0x11, 
             -0x10, 0x10, 0x10, 0x10, 0x10, 0x13, 0x1f,
 607              0x7c, 0xe0, 0x00, 0x00, 0x00, 0x00, 0x00, 0x00, 0x00, 0x00, 0x00, 0x00, 0x00, 0x00, 0x00, 0x00, 0x00, 
             -0x00, 0x00, 0x00, 0x00, 0x00, 0x00, 0x00,
 608              0x00, 0x00, 0x00, 0x00, 0x00, 0x00, 0x00, 0x00, 0x00, 0x00, 0x00, 0x00, 0x00, 0x00, 0x00, 0x00, 0x00, 
             -0x00, 0x00, 0x00, 0x00, 0x00, 0x00, 0x00,
 609              0x00, 0x00, 0x00, 0x00, 0x00, 0x00, 0x00, 0x00, 0x00, 0x00, 0x00, 0x00, 0x00, 0x00, 0x00, 0x07, 0x07, 
             -0x00, 0x00, 0x00, 0x00, 0x00, 0x00, 0x03,
 610              0x07, 0x03, 0x00, 0x00, 0x00, 0x00, 0x00, 0x00, 0x07, 0x07, 0x00, 0x00, 0x00, 0x00, 0x00, 0x00, 0x00, 
             -0x00, 0x00, 0x00, 0x00, 0x00, 0x00, 0x00,
 611              0x00, 0x00, 0x00, 0x07, 0x03, 0x00, 0x00, 0x00, 0x00, 0x00, 0x00, 0x00, 0x00, 0x00, 0x00, 0x00, 0x00, 
             -0x00, 0x00, 0x06, 0x07, 0x01, 0x00, 0x00,
 612              0x00, 0x00, 0x00, 0x00, 0x00, 0x00, 0x00, 0x00, 0x00, 0x03, 0x07, 0x00, 0x00, 0x00, 0x00, 0x00, 0x00, 
             -0x00, 0x00, 0x00, 0x00, 0x00, 0x00, 0x00,
 613              0x00, 0x00, 0x00, 0x00, 0x00, 0x00, 0x00, 0x00, 0x00, 0x00, 0x00, 0x00, 0x00
 614          };
 615          
 616          const unsigned char code COVER_PLAY_GAME[] = {
 617              0x00, 0x00, 0x00, 0x00, 0x00, 0x00, 0x00, 0x00, 0x00, 0x00, 0x00, 0x00, 0x00, 0x00, 0x00, 0x00, 0x00, 
             -0x00, 0x00, 0x00, 0x00, 0x00, 0x00, 0x00,
 618              0x00, 0x00, 0x00, 0x00, 0x00, 0x00, 0x00, 0x00, 0x00, 0x00, 0x00, 0x00, 0x00, 0x00, 0x00, 0x00, 0x00, 
             -0x00, 0x00, 0x00, 0x00, 0x00, 0x00, 0x00,
 619              0x00, 0x00, 0x00, 0x00, 0x00, 0x00, 0x00, 0x00, 0x00, 0x00, 0x00, 0x00, 0x00, 0x00, 0x00, 0x00, 0x00, 
             -0x00, 0x00, 0x00, 0x00, 0x00, 0x00, 0x00,
 620              0x00, 0x00, 0x00, 0x00, 0x00, 0x00, 0x00, 0x00, 0x00, 0x00, 0x00, 0x00, 0x00, 0x00, 0x00, 0x00, 0x00, 
             -0x00, 0x00, 0x00, 0x00, 0x00, 0x00, 0x00,
 621              0x00, 0x00, 0x00, 0x00, 0x00, 0x00, 0x00, 0x00, 0x00, 0x00, 0x00, 0x00, 0x00, 0x00, 0x00, 0x00, 0x00, 
             -0x00, 0x00, 0x00, 0x00, 0x00, 0x00, 0x00,
 622              0x00, 0x00, 0x00, 0x00, 0x00, 0x00, 0x00, 0x00, 0x00, 0x00, 0x00, 0x00, 0x00, 0x00, 0x00, 0x00, 0x00, 
             -0x00, 0x0c, 0x18, 0x30, 0x60, 0x60, 0xe6,
 623              0x6c, 0x78, 0x60, 0x60, 0x80, 0xf0, 0x3f, 0x22, 0x20, 0x20, 0x20, 0x20, 0x00, 0x00, 0x00, 0x10, 0x10, 
             -0x10, 0x10, 0x10, 0x10, 0x10, 0xf0, 0x70,
 624              0x00, 0x00, 0x07, 0xff, 0x00, 0x08, 0x18, 0x30, 0x20, 0x80, 0x00, 0x00, 0x00, 0x80, 0x80, 0x80, 0xc0, 
             -0xff, 0x80, 0x80, 0x80, 0x00, 0x00, 0xfc,
 625              0x0c, 0x0c, 0x0c, 0x0c, 0x0c, 0xfc, 0x00, 0x00, 0x00, 0x00, 0x00, 0x00, 0x80, 0x80, 0xc0, 0xff, 0x80, 
             -0x80, 0x00, 0x18, 0x98, 0x98, 0xff, 0x98,
 626              0x98, 0x98, 0xff, 0x99, 0x98, 0x98, 0x18, 0x00, 0x00, 0x00, 0xc0, 0xc0, 0xc0, 0xc0, 0xc0, 0xc0, 0xc0, 
             -0xc0, 0xc0, 0xc0, 0xc0, 0xff, 0xc1, 0xc0,
 627              0xc6, 0xcc, 0xd8, 0xc0, 0xc0, 0x00, 0x00, 0x00, 0x00, 0x00, 0x00, 0x00, 0x00, 0x00, 0x00, 0x00, 0x00, 
             -0x00, 0x00, 0x00, 0x00, 0x00, 0x00, 0x00,
 628              0x00, 0x03, 0x06, 0xcc, 0x80, 0x00, 0x00, 0xff, 0x08, 0x08, 0xf8, 0xfa, 0x03, 0x06, 0x06, 0x86, 0xe6, 
             -0x1e, 0x06, 0x00, 0x00, 0x00, 0x00, 0x00,
 629              0x00, 0x0e, 0x1c, 0x70, 0xc0, 0x7c, 0x0f, 0x00, 0x06, 0x06, 0x02, 0xff, 0x82, 0x03, 0xc3, 0xf9, 0x31, 
             -0x01, 0x01, 0x00, 0x00, 0x00, 0xc0, 0x78,
 630              0x1f, 0xff, 0x18, 0x30, 0x20, 0x00, 0x00, 0xff, 0x00, 0x00, 0x00, 0x00, 0xfc, 0xff, 0x00, 0x00, 0x00, 
             -0x00, 0x00, 0x00, 0xc0, 0x70, 0x3e, 0xff,
 631              0x0c, 0x38, 0x20, 0x00, 0xff, 0xc9, 0xc9, 0xc9, 0xc9, 0xc9, 0xc9, 0xc9, 0xff, 0xff, 0x00, 0x00, 0x00, 
             -0x00, 0x00, 0x00, 0x18, 0x18, 0x18, 0xf8,
 632              0xf8, 0x18, 0x18, 0x18, 0x10, 0x07, 0xff, 0xc0, 0x00, 0x00, 0x00, 0x00, 0x00, 0x00, 0x00, 0x00, 0x00, 
             -0x00, 0x00, 0x00, 0x00, 0x00, 0x00, 0x00,
 633              0x00, 0x00, 0x00, 0x00, 0x00, 0x00, 0x00, 0x00, 0x00, 0xe0, 0x7c, 0x07, 0x80, 0xf0, 0x3f, 0x01, 0x80, 
             -0x80, 0xff, 0x03, 0x01, 0x01, 0x01, 0x01,
 634              0xff, 0x01, 0x01, 0x01, 0x01, 0x00, 0x00, 0xc0, 0xe0, 0x70, 0x18, 0x0e, 0x03, 0x0f, 0x1c, 0x90, 0x80, 
             -0xc0, 0x60, 0x39, 0x1f, 0x7f, 0xe1, 0x80,
C51 COMPILER V9.60.7.0   OLED_DATA                                                         12/06/2024 10:38:26 PAGE 15  

 635              0x00, 0xc0, 0xc0, 0x00, 0x02, 0x03, 0x01, 0x00, 0x00, 0xff, 0x00, 0x00, 0xc0, 0xe0, 0x3e, 0x07, 0x00, 
             -0x00, 0x00, 0x00, 0xff, 0xff, 0x80, 0x80,
 636              0xe0, 0x00, 0x00, 0x03, 0x03, 0x00, 0x00, 0xff, 0x00, 0x00, 0x04, 0x04, 0x84, 0xc4, 0x64, 0x3c, 0x0f, 
             -0x1c, 0x74, 0xc4, 0x84, 0x84, 0x04, 0x04,
 637              0x00, 0x00, 0x00, 0x80, 0x80, 0x80, 0x80, 0xff, 0x7f, 0x40, 0x60, 0x60, 0x60, 0x00, 0x01, 0x0f, 0x3c, 
             -0xe0, 0x80, 0x00, 0xe0, 0x60, 0x00, 0x00,
 638              0x00, 0x00, 0x00, 0x00, 0x00, 0x00, 0x00, 0x00, 0x00, 0x00, 0x00, 0x00, 0x00, 0x00, 0x00, 0x00, 0x00, 
             -0x01, 0x00, 0x00, 0x01, 0x00, 0x00, 0x00,
 639              0x01, 0x01, 0x00, 0x00, 0x00, 0x03, 0x03, 0x03, 0x01, 0x00, 0x00, 0x00, 0x00, 0x00, 0x00, 0x00, 0x00, 
             -0x00, 0x00, 0x00, 0xe0, 0xe0, 0x81, 0x01,
 640              0x01, 0x00, 0x00, 0x00, 0x00, 0x00, 0x00, 0x01, 0x03, 0xc3, 0xe0, 0x00, 0x00, 0x00, 0x00, 0x00, 0x00, 
             -0x03, 0x00, 0x01, 0xe1, 0xc0, 0x00, 0x00,
 641              0x00, 0x00, 0x00, 0x00, 0x00, 0xc1, 0x61, 0x01, 0x00, 0x00, 0x00, 0x00, 0x00, 0x00, 0x00, 0x03, 0x00, 
             -0x00, 0x03, 0x83, 0xe1, 0xe0, 0x00, 0x00,
 642              0x00, 0x00, 0x00, 0x00, 0x01, 0x03, 0x03, 0x00, 0x00, 0x00, 0x00, 0x01, 0x01, 0x01, 0x00, 0x00, 0x00, 
             -0x00, 0x00, 0x00, 0x00, 0x00, 0x00, 0x00,
 643              0x00, 0x00, 0x01, 0x03, 0x01, 0x00, 0x00, 0x00, 0x00, 0x00, 0x00, 0x00, 0x00, 0x00, 0x00, 0x00, 0x00, 
             -0x00, 0x00, 0x00, 0x00, 0x00, 0x00, 0x00,
 644              0x00, 0x00, 0x00, 0x00, 0x00, 0x00, 0x00, 0x00, 0x00, 0x00, 0x00, 0x00, 0x00, 0x00, 0x00, 0x00, 0x00, 
             -0x00, 0x00, 0x00, 0x00, 0x00, 0x00, 0x00,
 645              0x00, 0x00, 0x00, 0x00, 0xff, 0x01, 0x07, 0x3e, 0xe0, 0x00, 0x00, 0x00, 0x00, 0x00, 0xc0, 0x78, 0x0f, 
             -0x01, 0xff, 0x00, 0x00, 0x00, 0x00, 0x00,
 646              0x00, 0x00, 0x00, 0x00, 0x00, 0x01, 0x07, 0x3c, 0xe0, 0xc0, 0xe0, 0x38, 0x0f, 0x03, 0x00, 0x00, 0x00, 
             -0x00, 0x00, 0x00, 0x00, 0x00, 0x00, 0x00,
 647              0x00, 0xe0, 0x7c, 0x0f, 0x00, 0x01, 0x1f, 0xf8, 0xc0, 0x00, 0x00, 0x00, 0x00, 0x00, 0x00, 0x00, 0x00, 
             -0x00, 0x00, 0x00, 0x00, 0x00, 0x00, 0x00,
 648              0x00, 0x00, 0x00, 0x00, 0x00, 0x00, 0x00, 0x00, 0x00, 0x00, 0x00, 0x00, 0x00, 0x00, 0x00, 0x00, 0x00, 
             -0x00, 0x00, 0x00, 0x00, 0x00, 0x00, 0x00,
 649              0x00, 0x00, 0x00, 0x00, 0x00, 0x00, 0x00, 0x00, 0x00, 0x00, 0x00, 0x00, 0x00, 0x00, 0x00, 0x00, 0x00, 
             -0x00, 0x00, 0x00, 0x00, 0x00, 0x00, 0x00,
 650              0x00, 0x00, 0x00, 0x00, 0x00, 0x00, 0x00, 0x00, 0x00, 0x00, 0x00, 0x00, 0xff, 0x00, 0x00, 0x00, 0x01, 
             -0x0f, 0x78, 0xc0, 0xf0, 0x3e, 0x03, 0x00,
 651              0x00, 0x00, 0xff, 0x00, 0x00, 0x00, 0x00, 0x00, 0x00, 0x00, 0x00, 0x00, 0x00, 0x00, 0x00, 0x00, 0x00, 
             -0xff, 0x00, 0x00, 0x00, 0x00, 0x00, 0x00,
 652              0x00, 0x00, 0x00, 0x00, 0x00, 0x00, 0x80, 0xf0, 0x3e, 0x07, 0x06, 0x06, 0x06, 0x06, 0x06, 0x06, 0x07, 
             -0x3e, 0xe0, 0x00, 0x00, 0x00, 0x00, 0x00,
 653              0x00, 0x00, 0x00, 0x00, 0x00, 0x00, 0x00, 0x00, 0x00, 0x00, 0x00, 0x00, 0x00, 0x00, 0x00, 0x00, 0x00, 
             -0x00, 0x00, 0x00, 0x00, 0x00, 0x00, 0x00,
 654              0x00, 0x00, 0x00, 0x00, 0x00, 0x00, 0x00, 0x00, 0x00, 0x00, 0x00, 0x00, 0x00, 0x00, 0x00, 0x00, 0x00, 
             -0x00, 0x00, 0x00, 0x00, 0x00, 0x00, 0x00,
 655              0x00, 0x00, 0x00, 0x00, 0x00, 0x00, 0x00, 0x00, 0x00, 0x00, 0x00, 0x00, 0x00, 0x00, 0x00, 0x00, 0x00, 
             -0x00, 0x00, 0x00, 0x01, 0x00, 0x00, 0x00,
 656              0x00, 0x00, 0x00, 0x01, 0x00, 0x00, 0x00, 0x00, 0x00, 0x00, 0x01, 0x00, 0x00, 0x00, 0x00, 0x00, 0x00, 
             -0x00, 0x00, 0x00, 0x00, 0x00, 0x00, 0x00,
 657              0x00, 0x01, 0x00, 0x00, 0x00, 0x00, 0x00, 0x00, 0x00, 0x00, 0x00, 0x00, 0x00, 0x00, 0x01, 0x01, 0x00, 
             -0x00, 0x00, 0x00, 0x00, 0x00, 0x00, 0x00,
 658              0x00, 0x00, 0x01, 0x01, 0x00, 0x00, 0x00, 0x00, 0x00, 0x00, 0x00, 0x00, 0x00, 0x00, 0x00, 0x00, 0x00, 
             -0x00, 0x00, 0x00, 0x00, 0x00, 0x00, 0x00,
 659              0x00, 0x00, 0x00, 0x00, 0x00, 0x00, 0x00, 0x00, 0x00, 0x00, 0x00, 0x00, 0x00, 0x00, 0x00, 0x00,
 660          };
 661          
 662          
 663          const unsigned char code body[8] = {0xFF, 0xFF, 0xC3, 0xC3, 0xC3, 0xC3, 0xFF, 0xFF};
 664          const unsigned char code food_good[8] = {0xFF, 0xFF, 0xFF, 0xFF, 0xFF, 0xFF, 0xFF, 0xFF};
 665          
 666          
 667          const unsigned char  H_Grid_TTTRIS[] = {
 668              0, 0, 0, 1, 1, 1, 2, 2, 2, 3, 3, 3, 4, 4, 4, 5, 5, 5, 6, 6, 6, 7,
 669              7, 7, 8, 8, 8, 9, 9, 9, 10, 10, 10, 11, 11, 11, 12, 12, 12
 670          };
 671          
 672          const unsigned char code Pieces_TTRIS1[] = {
C51 COMPILER V9.60.7.0   OLED_DATA                                                         12/06/2024 10:38:26 PAGE 16  

 673          //0
 674              0x00,
 675              0x20,
 676              0x70,
 677              0x00,
 678              0x00,
 679          //1
 680              0x00,
 681              0x00,
 682              0x30,
 683              0x30,
 684              0x00,
 685          //2
 686              0x00,
 687              0x00,
 688              0x30,
 689              0x60,
 690              0x00,
 691          //3
 692              0x00,
 693              0x10,
 694              0x30,
 695              0x20,
 696              0x00,
 697          //4
 698              0x20,
 699              0x20,
 700              0x20,
 701              0x20,
 702              0x00,
 703          //5
 704              0x00,
 705              0x20,
 706              0x20,
 707              0x60,
 708              0x00,
 709          //6
 710              0x00,
 711              0x20,
 712              0x20,
 713              0x30,
 714              0x00
 715          };
 716          
 717          
 718          
 719          
 720          const unsigned char  tiny_PREVIEW_block_TTTRIS[] = {
 721              2, 1,
 722              0xc0,
 723              0xc0
 724          };
 725          
 726          const unsigned char  tinyblock_TTTRIS[] = {
 727              3, 1,
 728              0x07, 0x05, 0x07
 729          };
 730          
 731          const unsigned char  tinyblock2_TTTRIS[] = {
 732              3, 1,
 733              0xe0,
 734              0xe0,
C51 COMPILER V9.60.7.0   OLED_DATA                                                         12/06/2024 10:38:26 PAGE 17  

 735              0xe0
 736          };
 737          
 738          
 739          
 740          const unsigned char code police_TTRIS [] = {
 741              4, 1,
 742              0x1F, 0x11, 0x1F, 0x00,
 743              0x00, 0x1F, 0x00, 0x00,
 744              0x1D, 0x15, 0x17, 0x00,
 745              0x11, 0x15, 0x1F, 0x00,
 746              0x07, 0x04, 0x1F, 0x00,
 747              0x17, 0x15, 0x1D, 0x00,
 748              0x1F, 0x15, 0x1D, 0x00,
 749              0x01, 0x1D, 0x03, 0x00,
 750              0x1F, 0x15, 0x1F, 0x00,
 751              0x17, 0x15, 0x1F, 0x00
 752          };
 753          
 754          const unsigned char code start_button_1_TTRIS [] = {
 755              30, 1,
 756              0xFE, 0x01, 0x01, 0x01, 0x01, 0x01, 0x01, 0x01, 0x01, 0x01, 0x01, 0x01, 0x01, 0x01, 0x01, 0x01, 0x01, 
             -0x01, 0x01, 0x01,
 757              0x01, 0x01, 0x01, 0x01, 0x01, 0x01, 0x01, 0x01, 0x01, 0xFE
 758          };
 759          
 760          const unsigned char code start_button_2_TTRIS [] = {
 761              30, 1,
 762              0x03, 0x04, 0x04, 0x04, 0x04, 0x04, 0x04, 0x04, 0x04, 0x04, 0x04, 0x04, 0x04, 0x04, 0x04, 0x04, 0x04, 
             -0x04, 0x04, 0x04,
 763              0x04, 0x04, 0x04, 0x04, 0x04, 0x04, 0x04, 0x04, 0x04, 0x03
 764          };
 765          
 766          const unsigned char code chateau_TTRIS [] = {
 767              0xD5, 0xF8, 0xF4, 0xEA, 0x54, 0x7A, 0x55, 0x68, 0x74, 0x7A, 0x54, 0x6A, 0x55, 0x78, 0x74, 0x6A, 0x54, 
             -0x7A, 0x55, 0x68,
 768              0x74, 0x7A, 0x54, 0x6A, 0x55, 0x78, 0x74, 0x6A, 0x54, 0x7A, 0x55, 0x68, 0xF4, 0xFA, 0xD4, 0xEA, 0xFF, 
             -0x01, 0x00, 0x02,
 769              0x02, 0x82, 0xFE, 0x82, 0x02, 0x02, 0x88, 0xFA, 0x80, 0x00, 0xF8, 0x10, 0x08, 0x08, 0xF0, 0x00, 0x18, 
             -0x60, 0xC0, 0x38,
 770              0x88, 0xA0, 0xA8, 0xA8, 0x28, 0x28, 0x28, 0x08, 0x08, 0x08, 0x01, 0xFF, 0xFF, 0x00, 0x04, 0x04, 0x04, 
             -0x14, 0x14, 0x14,
 771              0x54, 0x54, 0x50, 0x50, 0x44, 0x04, 0x04, 0xFC, 0x04, 0x04, 0x04, 0xF0, 0x22, 0x12, 0x01, 0x10, 0xF4, 
             -0x00, 0x00, 0x20,
 772              0x50, 0x50, 0x90, 0x00, 0x00, 0x00, 0x00, 0xFF, 0xFF, 0x00, 0x00, 0x00, 0x00, 0x80, 0x40, 0x40, 0x00, 
             -0x40, 0x40, 0xC0,
 773              0x40, 0x40, 0x01, 0x81, 0x41, 0x40, 0x80, 0x01, 0x00, 0xC0, 0x40, 0x41, 0x81, 0x01, 0x40, 0x41, 0xC1, 
             -0x41, 0x40, 0x00,
 774              0x00, 0x00, 0x00, 0xFF, 0xFF, 0x00, 0x00, 0x00, 0x00, 0x01, 0x12, 0x12, 0x0C, 0x00, 0x00, 0x1F, 0x00, 
             -0x00, 0x00, 0x1F,
 775              0x02, 0x02, 0x1F, 0x00, 0x00, 0x1F, 0x06, 0x0A, 0x11, 0x00, 0x00, 0x00, 0x1F, 0x00, 0x00, 0x00, 0x00, 
             -0x00, 0x00, 0xFF,
 776              0xFF, 0x00, 0x00, 0x00, 0xF0, 0xB0, 0x50, 0x88, 0x88, 0xC8, 0x50, 0x50, 0x20, 0x20, 0x60, 0x60, 0xB0, 
             -0x90, 0x10, 0x18,
 777              0x08, 0x98, 0x98, 0xA4, 0xE4, 0x46, 0xE4, 0xE4, 0xE8, 0xF8, 0xF0, 0xF0, 0x00, 0x00, 0x00, 0xFF, 0xFF, 
             -0x00, 0x00, 0x00,
 778              0x03, 0x06, 0x0D, 0x1A, 0x3F, 0x6B, 0xD6, 0xAA, 0x54, 0xF8, 0xFC, 0xFC, 0xFE, 0xFE, 0xAB, 0x7F, 0x7F, 
             -0x3F, 0x3F, 0x1F,
 779              0x0F, 0x0D, 0x07, 0x07, 0x03, 0x03, 0x01, 0x01, 0x00, 0x00, 0x00, 0xFF, 0x1F, 0x3C, 0x38, 0x38, 0x30, 
             -0x30, 0x30, 0x30,
 780              0x30, 0x30, 0x30, 0x31, 0x33, 0x37, 0x33, 0x31, 0x31, 0x30, 0x30, 0x30, 0x30, 0x30, 0x30, 0x30, 0x30, 
             -0x30, 0x30, 0x30,
C51 COMPILER V9.60.7.0   OLED_DATA                                                         12/06/2024 10:38:26 PAGE 18  

 781              0x30, 0x30, 0x30, 0x30, 0x38, 0x38, 0x3C, 0x1F
 782          };
 783          
 784          const unsigned char code  BACKGROUND_TTRIS [] = {
 785              0xFC, 0x02, 0xF9, 0xF5, 0x1D, 0x0D, 0x0D, 0x0D, 0x0D, 0x0B, 0x07, 0x1F, 0x3F, 0x20, 0x2F, 0x2F, 0x3F, 
             -0x22, 0x3F, 0x20,
 786              0x39, 0x33, 0x20, 0x3F, 0x20, 0x2A, 0x2E, 0x3F, 0x2D, 0x2A, 0x2A, 0x36, 0x1F, 0x07, 0x0B, 0x0D, 0x0D, 
             -0x0D, 0x0D, 0x1D,
 787              0xF5, 0xF9, 0x02, 0xFC, 0xF8, 0x00, 0x40, 0x00, 0x40, 0x40, 0x00, 0x40, 0x40, 0x00, 0x40, 0x40, 0x00, 
             -0x40, 0x40, 0x00,
 788              0x40, 0x40, 0x00, 0x40, 0x40, 0x00, 0x40, 0x40, 0x00, 0x40, 0x40, 0x00, 0x40, 0x40, 0x00, 0x40, 0x40, 
             -0x00, 0x40, 0x40,
 789              0x00, 0x40, 0x00, 0xF8, 0xFC, 0x02, 0xF9, 0xF5, 0x1D, 0x0D, 0x0D, 0x0B, 0x07, 0x1F, 0x3F, 0x2D, 0x2A, 
             -0x2A, 0x36, 0x3F,
 790              0x31, 0x2E, 0x2E, 0x3F, 0x31, 0x2E, 0x2E, 0x31, 0x3F, 0x20, 0x3A, 0x32, 0x2D, 0x3F, 0x20, 0x2A, 0x2E, 
             -0x3F, 0x1F, 0x07,
 791              0x0B, 0x0D, 0x0D, 0x1D, 0xF5, 0xF9, 0x02, 0xFC, 0xFF, 0x00, 0x7F, 0xBF, 0xE0, 0xC0, 0xC0, 0xC0, 0xC0, 
             -0xC0, 0xC0, 0xC0,
 792              0xC0, 0xC0, 0xC0, 0xC0, 0xC0, 0xC0, 0xC0, 0xC0, 0xC0, 0xC0, 0xC0, 0xC0, 0xC0, 0xC0, 0xC0, 0xC0, 0xC0, 
             -0xC0, 0xC0, 0xC0,
 793              0xC0, 0xC0, 0xC0, 0xC0, 0xC0, 0xC0, 0xC0, 0xE0, 0xBF, 0x7F, 0x00, 0xFF, 0xFF, 0x00, 0x00, 0x00, 0x00, 
             -0x00, 0x00, 0x00,
 794              0x00, 0x00, 0x00, 0x00, 0x00, 0x00, 0x00, 0x00, 0x00, 0x00, 0x00, 0x00, 0x00, 0x00, 0x00, 0x00, 0x00, 
             -0x00, 0x00, 0x00,
 795              0x00, 0x00, 0x00, 0x00, 0x00, 0x00, 0x00, 0x00, 0x00, 0x00, 0x00, 0xFF, 0xFF, 0x00, 0x7F, 0xBF, 0xE0, 
             -0xC0, 0xC0, 0xC0,
 796              0xC0, 0xC0, 0xC0, 0xC0, 0xC0, 0xC0, 0xC0, 0xC0, 0xC0, 0xC0, 0xC0, 0xC0, 0xC0, 0xC0, 0xC0, 0xC0, 0xC0, 
             -0xC0, 0xC0, 0xC0,
 797              0xC0, 0xC0, 0xC0, 0xC0, 0xC0, 0xC0, 0xC0, 0xC0, 0xC0, 0xC0, 0xC0, 0xE0, 0xBF, 0x7F, 0x00, 0xFF, 0x00, 
             -0x01, 0xFA, 0x5A,
 798              0x7A, 0x5A, 0xDA, 0x5A, 0x7A, 0x5A, 0xDA, 0x5A, 0x7A, 0x5A, 0xDA, 0xDA, 0x7A, 0x5A, 0xDA, 0x5A, 0x7A, 
             -0x5A, 0xDA, 0x5A,
 799              0x7A, 0x5A, 0xDA, 0x5A, 0x7A, 0x5A, 0xDA, 0x5A, 0x7A, 0x5A, 0xDA, 0x5A, 0x7A, 0x5A, 0xDA, 0x5A, 0x7A, 
             -0xFA, 0x01, 0x00,
 800              0xFF, 0x00, 0x00, 0x00, 0x00, 0x00, 0x00, 0x00, 0x00, 0x00, 0x00, 0x00, 0x00, 0x00, 0x00, 0x00, 0x00, 
             -0x00, 0x00, 0x00,
 801              0x00, 0x00, 0x00, 0x00, 0x00, 0x00, 0x00, 0x00, 0x00, 0x00, 0x00, 0x00, 0x00, 0x00, 0x00, 0x00, 0x00, 
             -0x00, 0x00, 0xFF,
 802              0x00, 0x01, 0xFA, 0xFA, 0x5A, 0x5A, 0x5A, 0x7A, 0x5A, 0x5A, 0x5A, 0x7A, 0x5A, 0x5A, 0x5A, 0x7A, 0x5A, 
             -0x5A, 0x5A, 0x7A,
 803              0x5A, 0x5A, 0x5A, 0x7A, 0xDA, 0xDA, 0x5A, 0x7A, 0x5A, 0xDA, 0x5A, 0x7A, 0x5A, 0xDA, 0x5A, 0x7A, 0x5A, 
             -0xDA, 0x5A, 0x7A,
 804              0x5A, 0xFA, 0x01, 0x00, 0x00, 0x00, 0xFF, 0x55, 0x77, 0x55, 0xDD, 0x55, 0x77, 0x55, 0xDD, 0xF5, 0xFF, 
             -0x3F, 0x07, 0xE0,
 805              0xFC, 0xBC, 0xE0, 0x81, 0x07, 0x1D, 0x7D, 0xD5, 0x77, 0x55, 0xDD, 0x55, 0x77, 0x55, 0xDD, 0x55, 0x77, 
             -0x55, 0xDD, 0x55,
 806              0x77, 0x55, 0xDD, 0x55, 0x77, 0xFF, 0x00, 0x00, 0xFF, 0x00, 0x00, 0x00, 0x00, 0x00, 0x00, 0x00, 0x00, 
             -0x00, 0x00, 0x00,
 807              0x00, 0x00, 0x00, 0x00, 0x00, 0x00, 0x00, 0x00, 0x00, 0x00, 0x00, 0x00, 0x00, 0x00, 0x00, 0x00, 0x00, 
             -0x00, 0x00, 0x00,
 808              0x00, 0x00, 0x00, 0x00, 0x00, 0x00, 0x00, 0xFF, 0x00, 0x00, 0xFF, 0x00, 0xFE, 0xFD, 0x07, 0x03, 0x03, 
             -0x03, 0x03, 0x03,
 809              0x03, 0x03, 0x03, 0x03, 0x03, 0x03, 0x03, 0x03, 0x03, 0x07, 0xFD, 0xFE, 0x00, 0x01, 0xFF, 0xF7, 0xD5, 
             -0xDD, 0xD5, 0xF7,
 810              0xD5, 0xDD, 0xD5, 0xF7, 0xD5, 0xDD, 0xD5, 0x77, 0x55, 0xFF, 0x00, 0x00, 0x00, 0x00, 0xFF, 0x55, 0x77, 
             -0x55, 0xDD, 0xF5,
 811              0x7F, 0x3F, 0x8F, 0xC3, 0xF0, 0xDC, 0xBF, 0xF7, 0xEF, 0xFD, 0xEA, 0xD7, 0xBC, 0xF0, 0x40, 0x81, 0x07, 
             -0x1D, 0x75, 0x3F,
 812              0x87, 0xF1, 0x81, 0x03, 0x0F, 0x35, 0xDD, 0x55, 0x77, 0x55, 0xDD, 0x55, 0x77, 0xFF, 0x00, 0x00, 0xFF, 
             -0x00, 0x00, 0x00,
 813              0x00, 0x00, 0x00, 0x00, 0x00, 0x00, 0x00, 0x00, 0x00, 0x00, 0x00, 0x00, 0x00, 0x00, 0x00, 0x00, 0x00, 
             -0x00, 0x00, 0x00,
C51 COMPILER V9.60.7.0   OLED_DATA                                                         12/06/2024 10:38:26 PAGE 19  

 814              0x00, 0x00, 0x00, 0x00, 0x00, 0x00, 0x00, 0x00, 0x00, 0x00, 0x00, 0x00, 0x00, 0x00, 0x00, 0xFF, 0x00, 
             -0x00, 0xFF, 0x00,
 815              0xFF, 0xFF, 0x00, 0x00, 0x00, 0x00, 0x00, 0x00, 0x00, 0x00, 0x00, 0x00, 0x00, 0x00, 0x00, 0xFC, 0x7E, 
             -0xC2, 0x5E, 0x7E,
 816              0x42, 0x52, 0x5A, 0x7E, 0x62, 0x5E, 0x62, 0x7E, 0x42, 0x52, 0x5A, 0x7E, 0xC2, 0x5E, 0xFC, 0x01, 0x03, 
             -0xFF, 0x00, 0x00,
 817              0x00, 0x00, 0xFF, 0x55, 0x77, 0x55, 0xDF, 0x57, 0x7C, 0xF8, 0xE1, 0x04, 0x2A, 0xEE, 0xDA, 0x4E, 0x0A, 
             -0x0A, 0x0E, 0x1A,
 818              0xAE, 0x0A, 0x05, 0x01, 0xC0, 0x60, 0x78, 0x6F, 0x5F, 0x7E, 0x75, 0x6F, 0x58, 0x60, 0xC0, 0x03, 0x0F, 
             -0x75, 0xDD, 0x55,
 819              0x77, 0xFF, 0x00, 0x00, 0xFF, 0x00, 0x00, 0x00, 0x00, 0x00, 0x00, 0x00, 0x00, 0x00, 0x00, 0x00, 0x00, 
             -0x00, 0x00, 0x00,
 820              0x00, 0x00, 0x00, 0x00, 0x00, 0x00, 0x00, 0x00, 0x00, 0x00, 0x00, 0x00, 0x00, 0x00, 0x00, 0x00, 0x00, 
             -0x00, 0x00, 0x00,
 821              0x00, 0x00, 0x00, 0xFF, 0x00, 0x00, 0xFF, 0x78, 0x73, 0xE5, 0x67, 0x66, 0x66, 0xE6, 0x66, 0x66, 0x6E, 
             -0xFE, 0xFE, 0x0E,
 822              0x06, 0xC6, 0x00, 0xFF, 0xFF, 0x80, 0x00, 0x00, 0x00, 0x00, 0x00, 0x00, 0x00, 0x00, 0x00, 0x00, 0x00, 
             -0x00, 0x00, 0x00,
 823              0x80, 0xFF, 0xFF, 0x00, 0x00, 0xFF, 0x00, 0x00, 0x00, 0x00, 0x0F, 0x15, 0x17, 0x95, 0x1D, 0x15, 0x97, 
             -0x1F, 0x9F, 0x00,
 824              0x09, 0xBF, 0x3A, 0x95, 0x20, 0x00, 0x91, 0x00, 0xAA, 0x00, 0x00, 0x80, 0x02, 0x85, 0x37, 0x2D, 0x95, 
             -0x07, 0x85, 0x0D,
 825              0x37, 0x85, 0x02, 0x80, 0x18, 0x1C, 0x9F, 0x15, 0x17, 0x0F, 0x00, 0x00, 0xFF, 0x00, 0x00, 0x00, 0x00, 
             -0x00, 0x00, 0x00,
 826              0x00, 0x00, 0x00, 0x00, 0x00, 0x00, 0x00, 0x00, 0x00, 0x00, 0x00, 0x00, 0x00, 0x00, 0x00, 0x00, 0x00, 
             -0x00, 0x00, 0x00,
 827              0x00, 0x00, 0x00, 0x00, 0x00, 0x00, 0x00, 0x00, 0x00, 0x00, 0x00, 0xFF, 0x00, 0x00, 0x0F, 0x17, 0x15, 
             -0x9D, 0x15, 0x17,
 828              0x95, 0x1D, 0x95, 0x17, 0x15, 0x7F, 0x3F, 0x80, 0x00, 0x1D, 0x94, 0x19, 0x9A, 0x13, 0x13, 0x93, 0x13, 
             -0x93, 0x13, 0x17,
 829              0x7F, 0x3F, 0x87, 0x03, 0x13, 0x93, 0x13, 0x93, 0x13, 0x12, 0x91, 0x10, 0x18, 0x0F, 0x00, 0x00, 0x00, 
             -0x00, 0x00, 0x00,
 830              0x06, 0x0F, 0x0D, 0x1F, 0x1D, 0x16, 0x1F, 0x1D, 0x1F, 0x1D, 0x36, 0x3F, 0x3D, 0x7F, 0x7D, 0x76, 0xFF, 
             -0xFD, 0xFF, 0xFD,
 831              0x76, 0x7F, 0x7D, 0x3F, 0x3D, 0x36, 0x1F, 0x1D, 0x1F, 0x1D, 0x16, 0x1F, 0x1D, 0x0F, 0x0D, 0x06, 0x00, 
             -0x00, 0x00, 0x00,
 832              0xFF, 0x80, 0x80, 0x80, 0x80, 0x80, 0x80, 0x80, 0x80, 0x80, 0x80, 0x80, 0x80, 0x80, 0x80, 0x80, 0x80, 
             -0x80, 0x80, 0x80,
 833              0x80, 0x80, 0x80, 0x80, 0x80, 0x80, 0x80, 0x80, 0x80, 0x80, 0x80, 0x80, 0x80, 0x80, 0x80, 0x80, 0x80, 
             -0x80, 0x80, 0xFF,
 834              0x00, 0x00, 0x00, 0x00, 0x06, 0x0F, 0x0D, 0x1F, 0x1D, 0x16, 0x1F, 0x1D, 0x1F, 0x1D, 0x36, 0x3F, 0x3D, 
             -0x7F, 0x7D, 0x76,
 835              0xFF, 0xFD, 0xFF, 0xFD, 0x76, 0x7F, 0x7D, 0x3F, 0x3D, 0x36, 0x1F, 0x1D, 0x1F, 0x1D, 0x16, 0x1F, 0x1D, 
             -0x0F, 0x0D, 0x06,
 836              0x00, 0x00, 0x00, 0x00
 837          };


MODULE INFORMATION:   STATIC OVERLAYABLE
   CODE SIZE        =   ----    ----
   CONSTANT SIZE    =  10277    ----
   XDATA SIZE       =     53    ----
   PDATA SIZE       =   ----    ----
   DATA SIZE        =   ----    ----
   IDATA SIZE       =   ----    ----
   BIT SIZE         =   ----    ----
END OF MODULE INFORMATION.


C51 COMPILATION COMPLETE.  0 WARNING(S),  0 ERROR(S)
